{"F:\\js_workplace\\research\\vue3-json-schema-form\\lib\\SchemaForm.tsx": {"path":"F:\\js_workplace\\research\\vue3-json-schema-form\\lib\\SchemaForm.tsx","statementMap":{"0":{"start":{"line":2,"column":0},"end":{"line":2,"column":null}},"1":{"start":{"line":13,"column":0},"end":{"line":13,"column":null}},"2":{"start":{"line":14,"column":0},"end":{"line":14,"column":null}},"3":{"start":{"line":15,"column":0},"end":{"line":15,"column":null}},"4":{"start":{"line":25,"column":35},"end":{"line":25,"column":null}},"5":{"start":{"line":30,"column":15},"end":{"line":30,"column":31}},"6":{"start":{"line":72,"column":26},"end":{"line":74,"column":null}},"7":{"start":{"line":73,"column":6},"end":{"line":73,"column":11}},"8":{"start":{"line":76,"column":25},"end":{"line":76,"column":34}},"9":{"start":{"line":77,"column":6},"end":{"line":88,"column":null}},"10":{"start":{"line":78,"column":30},"end":{"line":78,"column":88}},"11":{"start":{"line":80,"column":8},"end":{"line":80,"column":15}},"12":{"start":{"line":82,"column":10},"end":{"line":82,"column":16}},"13":{"start":{"line":83,"column":10},"end":{"line":83,"column":17}},"14":{"start":{"line":87,"column":8},"end":{"line":87,"column":15}},"15":{"start":{"line":91,"column":31},"end":{"line":91,"column":40}},"16":{"start":{"line":92,"column":6},"end":{"line":106,"column":null}},"17":{"start":{"line":93,"column":31},"end":{"line":93,"column":91}},"18":{"start":{"line":95,"column":8},"end":{"line":95,"column":15}},"19":{"start":{"line":96,"column":26},"end":{"line":96,"column":null}},"20":{"start":{"line":97,"column":10},"end":{"line":97,"column":24}},"21":{"start":{"line":98,"column":12},"end":{"line":100,"column":null}},"22":{"start":{"line":99,"column":14},"end":{"line":99,"column":23}},"23":{"start":{"line":102,"column":10},"end":{"line":102,"column":17}},"24":{"start":{"line":105,"column":8},"end":{"line":105,"column":15}},"25":{"start":{"line":105,"column":28},"end":{"line":105,"column":null}},"26":{"start":{"line":109,"column":25},"end":{"line":109,"column":null}},"27":{"start":{"line":118,"column":45},"end":{"line":118,"column":56}},"28":{"start":{"line":120,"column":39},"end":{"line":120,"column":null}},"29":{"start":{"line":122,"column":4},"end":{"line":122,"column":16}},"30":{"start":{"line":123,"column":6},"end":{"line":123,"column":18}},"31":{"start":{"line":128,"column":6},"end":{"line":133,"column":null}},"32":{"start":{"line":129,"column":30},"end":{"line":129,"column":88}},"33":{"start":{"line":130,"column":8},"end":{"line":130,"column":21}},"34":{"start":{"line":131,"column":10},"end":{"line":131,"column":22}},"35":{"start":{"line":135,"column":6},"end":{"line":138,"column":null}},"36":{"start":{"line":136,"column":31},"end":{"line":136,"column":91}},"37":{"start":{"line":137,"column":8},"end":{"line":137,"column":22}},"38":{"start":{"line":137,"column":40},"end":{"line":137,"column":52}},"39":{"start":{"line":141,"column":31},"end":{"line":141,"column":null}},"40":{"start":{"line":142,"column":26},"end":{"line":142,"column":30}},"41":{"start":{"line":146,"column":4},"end":{"line":146,"column":10}},"42":{"start":{"line":146,"column":14},"end":{"line":146,"column":26}},"43":{"start":{"line":147,"column":6},"end":{"line":149,"column":null}},"44":{"start":{"line":148,"column":8},"end":{"line":148,"column":null}},"45":{"start":{"line":153,"column":6},"end":{"line":153,"column":13}},"46":{"start":{"line":154,"column":20},"end":{"line":154,"column":null}},"47":{"start":{"line":157,"column":21},"end":{"line":157,"column":null}},"48":{"start":{"line":165,"column":6},"end":{"line":165,"column":null}},"49":{"start":{"line":165,"column":40},"end":{"line":165,"column":null}},"50":{"start":{"line":166,"column":6},"end":{"line":166,"column":13}},"51":{"start":{"line":168,"column":6},"end":{"line":168,"column":20}},"52":{"start":{"line":170,"column":6},"end":{"line":170,"column":24}},"53":{"start":{"line":171,"column":6},"end":{"line":171,"column":24}},"54":{"start":{"line":174,"column":4},"end":{"line":174,"column":10}},"55":{"start":{"line":174,"column":14},"end":{"line":174,"column":31}},"56":{"start":{"line":175,"column":6},"end":{"line":184,"column":null}},"57":{"start":{"line":176,"column":8},"end":{"line":176,"column":13}},"58":{"start":{"line":178,"column":12},"end":{"line":178,"column":19}},"59":{"start":{"line":179,"column":14},"end":{"line":179,"column":32}},"60":{"start":{"line":180,"column":14},"end":{"line":180,"column":null}},"61":{"start":{"line":187,"column":4},"end":{"line":187,"column":12}},"62":{"start":{"line":189,"column":4},"end":{"line":189,"column":11}},"63":{"start":{"line":190,"column":40},"end":{"line":190,"column":null}},"64":{"start":{"line":191,"column":6},"end":{"line":191,"column":null}}},"fnMap":{"0":{"name":"(anonymous_0)","decl":{"start":{"line":71,"column":2},"end":{"line":71,"column":7}},"loc":{"start":{"line":71,"column":35},"end":{"line":203,"column":null}}},"1":{"name":"(anonymous_1)","decl":{"start":{"line":72,"column":26},"end":{"line":72,"column":36}},"loc":{"start":{"line":72,"column":36},"end":{"line":74,"column":null}}},"2":{"name":"(anonymous_2)","decl":{"start":{"line":76,"column":34},"end":{"line":76,"column":38}},"loc":{"start":{"line":76,"column":38},"end":{"line":89,"column":null}}},"3":{"name":"(anonymous_3)","decl":{"start":{"line":80,"column":36},"end":{"line":80,"column":37}},"loc":{"start":{"line":80,"column":53},"end":{"line":84,"column":10}}},"4":{"name":"(anonymous_4)","decl":{"start":{"line":91,"column":40},"end":{"line":91,"column":44}},"loc":{"start":{"line":91,"column":44},"end":{"line":107,"column":null}}},"5":{"name":"(anonymous_5)","decl":{"start":{"line":95,"column":16},"end":{"line":95,"column":33}},"loc":{"start":{"line":95,"column":33},"end":{"line":103,"column":null}}},"6":{"name":"(anonymous_6)","decl":{"start":{"line":97,"column":34},"end":{"line":97,"column":44}},"loc":{"start":{"line":97,"column":44},"end":{"line":101,"column":null}}},"7":{"name":"(anonymous_7)","decl":{"start":{"line":105,"column":16},"end":{"line":105,"column":28}},"loc":{"start":{"line":105,"column":28},"end":{"line":105,"column":null}}},"8":{"name":"(anonymous_8)","decl":{"start":{"line":122,"column":16},"end":{"line":122,"column":20}},"loc":{"start":{"line":122,"column":20},"end":{"line":139,"column":null}}},"9":{"name":"(anonymous_9)","decl":{"start":{"line":130,"column":30},"end":{"line":130,"column":36}},"loc":{"start":{"line":130,"column":38},"end":{"line":132,"column":null}}},"10":{"name":"(anonymous_10)","decl":{"start":{"line":137,"column":31},"end":{"line":137,"column":38}},"loc":{"start":{"line":137,"column":40},"end":{"line":137,"column":52}}},"11":{"name":"(anonymous_11)","decl":{"start":{"line":146,"column":10},"end":{"line":146,"column":14}},"loc":{"start":{"line":146,"column":14},"end":{"line":146,"column":26}}},"12":{"name":"(anonymous_12)","decl":{"start":{"line":146,"column":26},"end":{"line":146,"column":30}},"loc":{"start":{"line":146,"column":30},"end":{"line":150,"column":6}}},"13":{"name":"doValidate","decl":{"start":{"line":152,"column":19},"end":{"line":152,"column":29}},"loc":{"start":{"line":152,"column":29},"end":{"line":172,"column":null}}},"14":{"name":"(anonymous_14)","decl":{"start":{"line":174,"column":10},"end":{"line":174,"column":14}},"loc":{"start":{"line":174,"column":14},"end":{"line":174,"column":31}}},"15":{"name":"(anonymous_15)","decl":{"start":{"line":174,"column":31},"end":{"line":174,"column":35}},"loc":{"start":{"line":174,"column":35},"end":{"line":185,"column":6}}},"16":{"name":"(anonymous_16)","decl":{"start":{"line":177,"column":10},"end":{"line":177,"column":20}},"loc":{"start":{"line":177,"column":20},"end":{"line":182,"column":null}}},"17":{"name":"(anonymous_17)","decl":{"start":{"line":178,"column":32},"end":{"line":178,"column":42}},"loc":{"start":{"line":178,"column":42},"end":{"line":181,"column":null}}},"18":{"name":"(anonymous_18)","decl":{"start":{"line":189,"column":11},"end":{"line":189,"column":16}},"loc":{"start":{"line":189,"column":16},"end":{"line":202,"column":null}}}},"branchMap":{"0":{"loc":{"start":{"line":77,"column":6},"end":{"line":88,"column":null}},"type":"if","locations":[{"start":{"line":77,"column":6},"end":{"line":88,"column":null}},{"start":{"line":77,"column":6},"end":{"line":88,"column":null}}]},"1":{"loc":{"start":{"line":78,"column":66},"end":{"line":78,"column":87}},"type":"cond-expr","locations":[{"start":{"line":78,"column":66},"end":{"line":78,"column":87}},{"start":{"line":78,"column":87},"end":{"line":78,"column":88}}]},"2":{"loc":{"start":{"line":92,"column":6},"end":{"line":106,"column":null}},"type":"if","locations":[{"start":{"line":92,"column":6},"end":{"line":106,"column":null}},{"start":{"line":92,"column":6},"end":{"line":106,"column":null}}]},"3":{"loc":{"start":{"line":93,"column":68},"end":{"line":93,"column":90}},"type":"cond-expr","locations":[{"start":{"line":93,"column":68},"end":{"line":93,"column":90}},{"start":{"line":93,"column":90},"end":{"line":93,"column":91}}]},"4":{"loc":{"start":{"line":98,"column":12},"end":{"line":100,"column":null}},"type":"if","locations":[{"start":{"line":98,"column":12},"end":{"line":100,"column":null}},{"start":{"line":98,"column":12},"end":{"line":100,"column":null}}]},"5":{"loc":{"start":{"line":128,"column":6},"end":{"line":133,"column":null}},"type":"if","locations":[{"start":{"line":128,"column":6},"end":{"line":133,"column":null}},{"start":{"line":128,"column":6},"end":{"line":133,"column":null}}]},"6":{"loc":{"start":{"line":129,"column":66},"end":{"line":129,"column":87}},"type":"cond-expr","locations":[{"start":{"line":129,"column":66},"end":{"line":129,"column":87}},{"start":{"line":129,"column":87},"end":{"line":129,"column":88}}]},"7":{"loc":{"start":{"line":135,"column":6},"end":{"line":138,"column":null}},"type":"if","locations":[{"start":{"line":135,"column":6},"end":{"line":138,"column":null}},{"start":{"line":135,"column":6},"end":{"line":138,"column":null}}]},"8":{"loc":{"start":{"line":136,"column":68},"end":{"line":136,"column":90}},"type":"cond-expr","locations":[{"start":{"line":136,"column":68},"end":{"line":136,"column":90}},{"start":{"line":136,"column":90},"end":{"line":136,"column":91}}]},"9":{"loc":{"start":{"line":147,"column":6},"end":{"line":149,"column":null}},"type":"if","locations":[{"start":{"line":147,"column":6},"end":{"line":149,"column":null}},{"start":{"line":147,"column":6},"end":{"line":149,"column":null}}]},"10":{"loc":{"start":{"line":165,"column":6},"end":{"line":165,"column":null}},"type":"if","locations":[{"start":{"line":165,"column":6},"end":{"line":165,"column":null}},{"start":{"line":165,"column":6},"end":{"line":165,"column":null}}]},"11":{"loc":{"start":{"line":175,"column":6},"end":{"line":184,"column":null}},"type":"if","locations":[{"start":{"line":175,"column":6},"end":{"line":184,"column":null}},{"start":{"line":175,"column":6},"end":{"line":184,"column":null}}]},"12":{"loc":{"start":{"line":197,"column":20},"end":{"line":197,"column":28}},"type":"binary-expr","locations":[{"start":{"line":197,"column":20},"end":{"line":197,"column":28}},{"start":{"line":197,"column":32},"end":{"line":197,"column":null}}]},"13":{"loc":{"start":{"line":198,"column":23},"end":{"line":198,"column":47}},"type":"binary-expr","locations":[{"start":{"line":198,"column":23},"end":{"line":198,"column":47}},{"start":{"line":198,"column":47},"end":{"line":198,"column":null}}]}},"s":{"0":3,"1":3,"2":3,"3":3,"4":3,"5":3,"6":7,"7":4,"8":7,"9":0,"10":0,"11":0,"12":0,"13":0,"14":0,"15":7,"16":7,"17":0,"18":0,"19":0,"20":0,"21":0,"22":0,"23":0,"24":7,"25":20,"26":7,"27":7,"28":7,"29":7,"30":7,"31":7,"32":0,"33":0,"34":0,"35":7,"36":0,"37":0,"38":0,"39":7,"40":7,"41":7,"42":10,"43":3,"44":0,"45":0,"46":0,"47":0,"48":0,"49":0,"50":0,"51":0,"52":0,"53":0,"54":7,"55":7,"56":7,"57":0,"58":0,"59":0,"60":0,"61":7,"62":7,"63":7,"64":7},"f":{"0":7,"1":4,"2":0,"3":0,"4":7,"5":0,"6":0,"7":20,"8":7,"9":0,"10":0,"11":10,"12":3,"13":0,"14":7,"15":7,"16":0,"17":0,"18":7},"b":{"0":[0,0],"1":[0,0],"2":[0,7],"3":[0,0],"4":[0,0],"5":[0,7],"6":[0,0],"7":[0,7],"8":[0,0],"9":[0,3],"10":[0,0],"11":[0,7],"12":[7,7],"13":[7,0]}}
,"F:\\js_workplace\\research\\vue3-json-schema-form\\lib\\SchemaItem.tsx": {"path":"F:\\js_workplace\\research\\vue3-json-schema-form\\lib\\SchemaItem.tsx","statementMap":{"0":{"start":{"line":3,"column":0},"end":{"line":3,"column":null}},"1":{"start":{"line":4,"column":0},"end":{"line":4,"column":null}},"2":{"start":{"line":5,"column":0},"end":{"line":5,"column":null}},"3":{"start":{"line":6,"column":0},"end":{"line":6,"column":null}},"4":{"start":{"line":7,"column":0},"end":{"line":7,"column":null}},"5":{"start":{"line":8,"column":0},"end":{"line":8,"column":null}},"6":{"start":{"line":9,"column":0},"end":{"line":9,"column":null}},"7":{"start":{"line":11,"column":15},"end":{"line":11,"column":31}},"8":{"start":{"line":15,"column":24},"end":{"line":15,"column":null}},"9":{"start":{"line":17,"column":31},"end":{"line":17,"column":40}},"10":{"start":{"line":18,"column":44},"end":{"line":18,"column":null}},"11":{"start":{"line":19,"column":6},"end":{"line":19,"column":13}},"12":{"start":{"line":22,"column":4},"end":{"line":22,"column":11}},"13":{"start":{"line":23,"column":44},"end":{"line":23,"column":null}},"14":{"start":{"line":25,"column":30},"end":{"line":25,"column":null}},"15":{"start":{"line":29,"column":19},"end":{"line":29,"column":null}},"16":{"start":{"line":32,"column":6},"end":{"line":32,"column":13}},"17":{"start":{"line":34,"column":10},"end":{"line":34,"column":19}},"18":{"start":{"line":35,"column":10},"end":{"line":35,"column":null}},"19":{"start":{"line":38,"column":10},"end":{"line":38,"column":19}},"20":{"start":{"line":39,"column":10},"end":{"line":39,"column":null}},"21":{"start":{"line":42,"column":10},"end":{"line":42,"column":19}},"22":{"start":{"line":43,"column":10},"end":{"line":43,"column":null}},"23":{"start":{"line":46,"column":10},"end":{"line":46,"column":19}},"24":{"start":{"line":47,"column":10},"end":{"line":47,"column":null}},"25":{"start":{"line":50,"column":10},"end":{"line":50,"column":17}},"26":{"start":{"line":54,"column":6},"end":{"line":54,"column":28}}},"fnMap":{"0":{"name":"(anonymous_0)","decl":{"start":{"line":14,"column":2},"end":{"line":14,"column":7}},"loc":{"start":{"line":14,"column":13},"end":{"line":56,"column":null}}},"1":{"name":"(anonymous_1)","decl":{"start":{"line":17,"column":40},"end":{"line":17,"column":44}},"loc":{"start":{"line":17,"column":44},"end":{"line":20,"column":null}}},"2":{"name":"(anonymous_2)","decl":{"start":{"line":22,"column":11},"end":{"line":22,"column":16}},"loc":{"start":{"line":22,"column":16},"end":{"line":55,"column":null}}}},"branchMap":{"0":{"loc":{"start":{"line":33,"column":8},"end":{"line":36,"column":null}},"type":"switch","locations":[{"start":{"line":33,"column":8},"end":{"line":36,"column":null}},{"start":{"line":37,"column":8},"end":{"line":40,"column":null}},{"start":{"line":41,"column":8},"end":{"line":44,"column":null}},{"start":{"line":45,"column":8},"end":{"line":48,"column":null}},{"start":{"line":49,"column":8},"end":{"line":51,"column":null}}]}},"s":{"0":3,"1":3,"2":3,"3":3,"4":3,"5":3,"6":3,"7":3,"8":17,"9":17,"10":20,"11":20,"12":17,"13":23,"14":23,"15":23,"16":23,"17":9,"18":9,"19":8,"20":8,"21":3,"22":3,"23":3,"24":3,"25":0,"26":23},"f":{"0":17,"1":20,"2":23},"b":{"0":[9,8,3,3,0]}}
,"F:\\js_workplace\\research\\vue3-json-schema-form\\lib\\context.ts": {"path":"F:\\js_workplace\\research\\vue3-json-schema-form\\lib\\context.ts","statementMap":{"0":{"start":{"line":1,"column":0},"end":{"line":1,"column":null}},"1":{"start":{"line":4,"column":36},"end":{"line":4,"column":null}},"2":{"start":{"line":11,"column":18},"end":{"line":11,"column":25}},"3":{"start":{"line":13,"column":2},"end":{"line":15,"column":null}},"4":{"start":{"line":14,"column":4},"end":{"line":14,"column":10}},"5":{"start":{"line":17,"column":2},"end":{"line":17,"column":9}}},"fnMap":{"0":{"name":"useVJSFContext","decl":{"start":{"line":6,"column":16},"end":{"line":6,"column":30}},"loc":{"start":{"line":6,"column":30},"end":{"line":18,"column":null}}}},"branchMap":{"0":{"loc":{"start":{"line":13,"column":2},"end":{"line":15,"column":null}},"type":"if","locations":[{"start":{"line":13,"column":2},"end":{"line":15,"column":null}},{"start":{"line":13,"column":2},"end":{"line":15,"column":null}}]}},"s":{"0":3,"1":3,"2":40,"3":40,"4":0,"5":40},"f":{"0":40},"b":{"0":[0,40]}}
,"F:\\js_workplace\\research\\vue3-json-schema-form\\lib\\index.ts": {"path":"F:\\js_workplace\\research\\vue3-json-schema-form\\lib\\index.ts","statementMap":{"0":{"start":{"line":3,"column":0},"end":{"line":3,"column":null}},"1":{"start":{"line":4,"column":0},"end":{"line":4,"column":null}},"2":{"start":{"line":5,"column":0},"end":{"line":5,"column":null}},"3":{"start":{"line":6,"column":0},"end":{"line":6,"column":null}},"4":{"start":{"line":7,"column":0},"end":{"line":7,"column":null}},"5":{"start":{"line":8,"column":0},"end":{"line":8,"column":null}},"6":{"start":{"line":20,"column":0},"end":{"line":20,"column":null}},"7":{"start":{"line":10,"column":15},"end":{"line":10,"column":null}}},"fnMap":{"0":{"name":"(anonymous_5)","decl":{"start":{"line":20,"column":0},"end":{"line":20,"column":null}},"loc":{"start":{"line":20,"column":0},"end":{"line":20,"column":null}}}},"branchMap":{"0":{"loc":{"start":{"line":20,"column":0},"end":{"line":20,"column":null}},"type":"if","locations":[{"start":{"line":20,"column":0},"end":{"line":20,"column":null}},{"start":{"line":20,"column":0},"end":{"line":20,"column":null}}]}},"s":{"0":3,"1":3,"2":3,"3":3,"4":3,"5":3,"6":90,"7":3},"f":{"0":21},"b":{"0":[42,84]}}
,"F:\\js_workplace\\research\\vue3-json-schema-form\\lib\\theme.tsx": {"path":"F:\\js_workplace\\research\\vue3-json-schema-form\\lib\\theme.tsx","statementMap":{"0":{"start":{"line":1,"column":0},"end":{"line":1,"column":null}},"1":{"start":{"line":11,"column":0},"end":{"line":11,"column":null}},"2":{"start":{"line":12,"column":0},"end":{"line":12,"column":null}},"3":{"start":{"line":14,"column":27},"end":{"line":14,"column":null}},"4":{"start":{"line":16,"column":22},"end":{"line":16,"column":38}},"5":{"start":{"line":25,"column":20},"end":{"line":25,"column":29}},"6":{"start":{"line":25,"column":33},"end":{"line":25,"column":null}},"7":{"start":{"line":27,"column":4},"end":{"line":27,"column":12}},"8":{"start":{"line":29,"column":4},"end":{"line":29,"column":11}},"9":{"start":{"line":29,"column":17},"end":{"line":29,"column":39}},"10":{"start":{"line":37,"column":22},"end":{"line":37,"column":null}},"11":{"start":{"line":39,"column":2},"end":{"line":49,"column":null}},"12":{"start":{"line":40,"column":30},"end":{"line":40,"column":null}},"13":{"start":{"line":41,"column":4},"end":{"line":43,"column":null}},"14":{"start":{"line":42,"column":6},"end":{"line":42,"column":13}},"15":{"start":{"line":44,"column":4},"end":{"line":48,"column":null}},"16":{"start":{"line":45,"column":6},"end":{"line":47,"column":null}},"17":{"start":{"line":46,"column":8},"end":{"line":46,"column":15}},"18":{"start":{"line":51,"column":50},"end":{"line":51,"column":77}},"19":{"start":{"line":52,"column":2},"end":{"line":54,"column":null}},"20":{"start":{"line":53,"column":4},"end":{"line":53,"column":10}},"21":{"start":{"line":56,"column":20},"end":{"line":56,"column":29}},"22":{"start":{"line":57,"column":4},"end":{"line":57,"column":11}},"23":{"start":{"line":59,"column":2},"end":{"line":59,"column":9}},"24":{"start":{"line":62,"column":15},"end":{"line":62,"column":null}}},"fnMap":{"0":{"name":"(anonymous_0)","decl":{"start":{"line":24,"column":2},"end":{"line":24,"column":7}},"loc":{"start":{"line":24,"column":22},"end":{"line":30,"column":null}}},"1":{"name":"(anonymous_1)","decl":{"start":{"line":25,"column":29},"end":{"line":25,"column":33}},"loc":{"start":{"line":25,"column":33},"end":{"line":25,"column":null}}},"2":{"name":"(anonymous_2)","decl":{"start":{"line":29,"column":11},"end":{"line":29,"column":17}},"loc":{"start":{"line":29,"column":17},"end":{"line":29,"column":39}}},"3":{"name":"getWidget","decl":{"start":{"line":33,"column":16},"end":{"line":33,"column":null}},"loc":{"start":{"line":35,"column":51},"end":{"line":60,"column":null}}},"4":{"name":"(anonymous_4)","decl":{"start":{"line":56,"column":29},"end":{"line":56,"column":33}},"loc":{"start":{"line":56,"column":33},"end":{"line":58,"column":null}}}},"branchMap":{"0":{"loc":{"start":{"line":29,"column":17},"end":{"line":29,"column":34}},"type":"binary-expr","locations":[{"start":{"line":29,"column":17},"end":{"line":29,"column":34}},{"start":{"line":29,"column":34},"end":{"line":29,"column":39}}]},"1":{"loc":{"start":{"line":39,"column":2},"end":{"line":49,"column":null}},"type":"if","locations":[{"start":{"line":39,"column":2},"end":{"line":49,"column":null}},{"start":{"line":39,"column":2},"end":{"line":49,"column":null}}]},"2":{"loc":{"start":{"line":41,"column":4},"end":{"line":43,"column":null}},"type":"if","locations":[{"start":{"line":41,"column":4},"end":{"line":43,"column":null}},{"start":{"line":41,"column":4},"end":{"line":43,"column":null}}]},"3":{"loc":{"start":{"line":41,"column":8},"end":{"line":41,"column":28}},"type":"binary-expr","locations":[{"start":{"line":41,"column":8},"end":{"line":41,"column":28}},{"start":{"line":41,"column":28},"end":{"line":41,"column":37}}]},"4":{"loc":{"start":{"line":44,"column":4},"end":{"line":48,"column":null}},"type":"if","locations":[{"start":{"line":44,"column":4},"end":{"line":48,"column":null}},{"start":{"line":44,"column":4},"end":{"line":48,"column":null}}]},"5":{"loc":{"start":{"line":45,"column":6},"end":{"line":47,"column":null}},"type":"if","locations":[{"start":{"line":45,"column":6},"end":{"line":47,"column":null}},{"start":{"line":45,"column":6},"end":{"line":47,"column":null}}]},"6":{"loc":{"start":{"line":52,"column":2},"end":{"line":54,"column":null}},"type":"if","locations":[{"start":{"line":52,"column":2},"end":{"line":54,"column":null}},{"start":{"line":52,"column":2},"end":{"line":54,"column":null}}]}},"s":{"0":3,"1":3,"2":3,"3":3,"4":3,"5":7,"6":7,"7":7,"8":7,"9":7,"10":17,"11":17,"12":9,"13":9,"14":0,"15":9,"16":0,"17":0,"18":17,"19":17,"20":0,"21":17,"22":17,"23":17,"24":3},"f":{"0":7,"1":7,"2":7,"3":17,"4":17},"b":{"0":[7,7],"1":[9,8],"2":[0,9],"3":[9,0],"4":[0,9],"5":[0,0],"6":[0,17]}}
,"F:\\js_workplace\\research\\vue3-json-schema-form\\lib\\types.ts": {"path":"F:\\js_workplace\\research\\vue3-json-schema-form\\lib\\types.ts","statementMap":{"0":{"start":{"line":1,"column":0},"end":{"line":1,"column":null}},"1":{"start":{"line":13,"column":0},"end":{"line":13,"column":12}},"2":{"start":{"line":14,"column":2},"end":{"line":14,"column":null}},"3":{"start":{"line":15,"column":2},"end":{"line":15,"column":null}},"4":{"start":{"line":16,"column":2},"end":{"line":16,"column":null}},"5":{"start":{"line":17,"column":2},"end":{"line":17,"column":null}},"6":{"start":{"line":18,"column":2},"end":{"line":18,"column":null}},"7":{"start":{"line":19,"column":2},"end":{"line":19,"column":null}},"8":{"start":{"line":62,"column":32},"end":{"line":62,"column":null}},"9":{"start":{"line":88,"column":35},"end":{"line":88,"column":51}},"10":{"start":{"line":95,"column":39},"end":{"line":95,"column":null}},"11":{"start":{"line":115,"column":42},"end":{"line":115,"column":null}},"12":{"start":{"line":129,"column":0},"end":{"line":129,"column":12}},"13":{"start":{"line":130,"column":2},"end":{"line":130,"column":null}},"14":{"start":{"line":133,"column":0},"end":{"line":133,"column":12}},"15":{"start":{"line":134,"column":2},"end":{"line":134,"column":null}},"16":{"start":{"line":135,"column":2},"end":{"line":135,"column":null}}},"fnMap":{"0":{"name":"(anonymous_0)","decl":{"start":{"line":13,"column":0},"end":{"line":13,"column":12}},"loc":{"start":{"line":13,"column":23},"end":{"line":20,"column":null}}},"1":{"name":"(anonymous_1)","decl":{"start":{"line":129,"column":0},"end":{"line":129,"column":12}},"loc":{"start":{"line":129,"column":32},"end":{"line":131,"column":null}}},"2":{"name":"(anonymous_2)","decl":{"start":{"line":133,"column":0},"end":{"line":133,"column":12}},"loc":{"start":{"line":133,"column":29},"end":{"line":136,"column":null}}}},"branchMap":{"0":{"loc":{"start":{"line":13,"column":12},"end":{"line":13,"column":23}},"type":"binary-expr","locations":[{"start":{"line":13,"column":12},"end":{"line":13,"column":23}},{"start":{"line":13,"column":23},"end":{"line":13,"column":null}}]},"1":{"loc":{"start":{"line":129,"column":12},"end":{"line":129,"column":32}},"type":"binary-expr","locations":[{"start":{"line":129,"column":12},"end":{"line":129,"column":32}},{"start":{"line":129,"column":32},"end":{"line":129,"column":null}}]},"2":{"loc":{"start":{"line":133,"column":12},"end":{"line":133,"column":29}},"type":"binary-expr","locations":[{"start":{"line":133,"column":12},"end":{"line":133,"column":29}},{"start":{"line":133,"column":29},"end":{"line":133,"column":null}}]}},"s":{"0":3,"1":3,"2":3,"3":3,"4":3,"5":3,"6":3,"7":3,"8":3,"9":3,"10":3,"11":3,"12":3,"13":3,"14":3,"15":3,"16":3},"f":{"0":3,"1":3,"2":3},"b":{"0":[3,3],"1":[3,3],"2":[3,3]}}
,"F:\\js_workplace\\research\\vue3-json-schema-form\\lib\\utils.ts": {"path":"F:\\js_workplace\\research\\vue3-json-schema-form\\lib\\utils.ts","statementMap":{"0":{"start":{"line":1,"column":0},"end":{"line":1,"column":null}},"1":{"start":{"line":6,"column":0},"end":{"line":6,"column":null}},"2":{"start":{"line":7,"column":0},"end":{"line":7,"column":null}},"3":{"start":{"line":8,"column":0},"end":{"line":8,"column":null}},"4":{"start":{"line":11,"column":2},"end":{"line":11,"column":9}},"5":{"start":{"line":15,"column":2},"end":{"line":15,"column":9}},"6":{"start":{"line":23,"column":2},"end":{"line":23,"column":9}},"7":{"start":{"line":30,"column":24},"end":{"line":30,"column":28}},"8":{"start":{"line":32,"column":16},"end":{"line":32,"column":31}},"9":{"start":{"line":33,"column":2},"end":{"line":33,"column":9}},"10":{"start":{"line":42,"column":2},"end":{"line":57,"column":null}},"11":{"start":{"line":43,"column":4},"end":{"line":43,"column":11}},"12":{"start":{"line":44,"column":9},"end":{"line":57,"column":null}},"13":{"start":{"line":45,"column":27},"end":{"line":45,"column":47}},"14":{"start":{"line":46,"column":4},"end":{"line":46,"column":11}},"15":{"start":{"line":47,"column":9},"end":{"line":57,"column":null}},"16":{"start":{"line":48,"column":4},"end":{"line":48,"column":11}},"17":{"start":{"line":51,"column":8},"end":{"line":51,"column":23}},"18":{"start":{"line":56,"column":4},"end":{"line":56,"column":11}},"19":{"start":{"line":65,"column":2},"end":{"line":67,"column":null}},"20":{"start":{"line":66,"column":4},"end":{"line":66,"column":11}},"21":{"start":{"line":68,"column":23},"end":{"line":68,"column":37}},"22":{"start":{"line":71,"column":2},"end":{"line":83,"column":null}},"23":{"start":{"line":72,"column":4},"end":{"line":82,"column":null}},"24":{"start":{"line":73,"column":6},"end":{"line":73,"column":20}},"25":{"start":{"line":79,"column":6},"end":{"line":79,"column":13}},"26":{"start":{"line":80,"column":55},"end":{"line":80,"column":null}},"27":{"start":{"line":81,"column":6},"end":{"line":81,"column":13}},"28":{"start":{"line":85,"column":4},"end":{"line":86,"column":null}},"29":{"start":{"line":87,"column":2},"end":{"line":94,"column":null}},"30":{"start":{"line":89,"column":4},"end":{"line":89,"column":11}},"31":{"start":{"line":95,"column":2},"end":{"line":95,"column":9}},"32":{"start":{"line":98,"column":40},"end":{"line":98,"column":null}},"33":{"start":{"line":106,"column":2},"end":{"line":106,"column":8}},"34":{"start":{"line":111,"column":2},"end":{"line":111,"column":8}},"35":{"start":{"line":112,"column":4},"end":{"line":115,"column":null}},"36":{"start":{"line":114,"column":6},"end":{"line":114,"column":null}},"37":{"start":{"line":118,"column":4},"end":{"line":128,"column":null}},"38":{"start":{"line":119,"column":6},"end":{"line":119,"column":26}},"39":{"start":{"line":124,"column":11},"end":{"line":128,"column":null}},"40":{"start":{"line":125,"column":6},"end":{"line":125,"column":26}},"41":{"start":{"line":127,"column":6},"end":{"line":127,"column":26}},"42":{"start":{"line":131,"column":6},"end":{"line":131,"column":20}},"43":{"start":{"line":133,"column":6},"end":{"line":133,"column":20}},"44":{"start":{"line":136,"column":2},"end":{"line":136,"column":9}},"45":{"start":{"line":154,"column":21},"end":{"line":154,"column":42}},"46":{"start":{"line":156,"column":35},"end":{"line":156,"column":null}},"47":{"start":{"line":158,"column":2},"end":{"line":158,"column":9}},"48":{"start":{"line":162,"column":18},"end":{"line":162,"column":null}},"49":{"start":{"line":163,"column":2},"end":{"line":168,"column":null}},"50":{"start":{"line":165,"column":4},"end":{"line":165,"column":8}},"51":{"start":{"line":167,"column":4},"end":{"line":167,"column":10}},"52":{"start":{"line":169,"column":18},"end":{"line":169,"column":30}},"53":{"start":{"line":170,"column":2},"end":{"line":172,"column":null}},"54":{"start":{"line":171,"column":4},"end":{"line":171,"column":10}},"55":{"start":{"line":173,"column":2},"end":{"line":176,"column":null}},"56":{"start":{"line":175,"column":4},"end":{"line":175,"column":11}},"57":{"start":{"line":177,"column":2},"end":{"line":177,"column":9}},"58":{"start":{"line":186,"column":49},"end":{"line":186,"column":56}},"59":{"start":{"line":187,"column":2},"end":{"line":197,"column":null}},"60":{"start":{"line":188,"column":4},"end":{"line":188,"column":18}},"61":{"start":{"line":192,"column":9},"end":{"line":197,"column":null}},"62":{"start":{"line":193,"column":4},"end":{"line":193,"column":18}},"63":{"start":{"line":198,"column":2},"end":{"line":198,"column":9}},"64":{"start":{"line":207,"column":2},"end":{"line":240,"column":null}},"65":{"start":{"line":209,"column":4},"end":{"line":211,"column":null}},"66":{"start":{"line":210,"column":6},"end":{"line":210,"column":null}},"67":{"start":{"line":213,"column":4},"end":{"line":218,"column":null}},"68":{"start":{"line":217,"column":6},"end":{"line":217,"column":null}},"69":{"start":{"line":222,"column":8},"end":{"line":222,"column":null}},"70":{"start":{"line":223,"column":4},"end":{"line":233,"column":null}},"71":{"start":{"line":224,"column":6},"end":{"line":224,"column":20}},"72":{"start":{"line":225,"column":11},"end":{"line":233,"column":null}},"73":{"start":{"line":226,"column":6},"end":{"line":226,"column":20}},"74":{"start":{"line":234,"column":4},"end":{"line":234,"column":11}},"75":{"start":{"line":241,"column":2},"end":{"line":241,"column":9}},"76":{"start":{"line":245,"column":2},"end":{"line":247,"column":null}},"77":{"start":{"line":246,"column":4},"end":{"line":246,"column":11}},"78":{"start":{"line":248,"column":19},"end":{"line":250,"column":null}},"79":{"start":{"line":251,"column":2},"end":{"line":251,"column":9}},"80":{"start":{"line":262,"column":40},"end":{"line":262,"column":null}},"81":{"start":{"line":267,"column":2},"end":{"line":267,"column":8}},"82":{"start":{"line":269,"column":2},"end":{"line":273,"column":null}},"83":{"start":{"line":270,"column":4},"end":{"line":270,"column":11}},"84":{"start":{"line":271,"column":9},"end":{"line":273,"column":null}},"85":{"start":{"line":272,"column":4},"end":{"line":272,"column":10}},"86":{"start":{"line":275,"column":24},"end":{"line":275,"column":29}},"87":{"start":{"line":276,"column":4},"end":{"line":278,"column":null}},"88":{"start":{"line":280,"column":2},"end":{"line":280,"column":9}},"89":{"start":{"line":296,"column":26},"end":{"line":296,"column":31}},"90":{"start":{"line":297,"column":4},"end":{"line":299,"column":null}},"91":{"start":{"line":298,"column":6},"end":{"line":298,"column":13}},"92":{"start":{"line":300,"column":57},"end":{"line":300,"column":null}},"93":{"start":{"line":301,"column":4},"end":{"line":311,"column":null}},"94":{"start":{"line":302,"column":30},"end":{"line":302,"column":null}},"95":{"start":{"line":309,"column":25},"end":{"line":309,"column":38}},"96":{"start":{"line":310,"column":6},"end":{"line":310,"column":13}},"97":{"start":{"line":313,"column":2},"end":{"line":318,"column":null}},"98":{"start":{"line":314,"column":4},"end":{"line":314,"column":11}},"99":{"start":{"line":317,"column":4},"end":{"line":317,"column":11}},"100":{"start":{"line":320,"column":20},"end":{"line":320,"column":36}},"101":{"start":{"line":324,"column":6},"end":{"line":324,"column":null}},"102":{"start":{"line":325,"column":26},"end":{"line":325,"column":28}},"103":{"start":{"line":326,"column":2},"end":{"line":326,"column":9}},"104":{"start":{"line":339,"column":14},"end":{"line":339,"column":20}},"105":{"start":{"line":340,"column":2},"end":{"line":340,"column":9}},"106":{"start":{"line":341,"column":17},"end":{"line":341,"column":null}},"107":{"start":{"line":342,"column":14},"end":{"line":342,"column":19}},"108":{"start":{"line":343,"column":4},"end":{"line":358,"column":null}},"109":{"start":{"line":344,"column":6},"end":{"line":344,"column":9}},"110":{"start":{"line":345,"column":11},"end":{"line":358,"column":null}},"111":{"start":{"line":355,"column":6},"end":{"line":355,"column":9}},"112":{"start":{"line":357,"column":6},"end":{"line":357,"column":9}},"113":{"start":{"line":359,"column":4},"end":{"line":359,"column":11}},"114":{"start":{"line":373,"column":19},"end":{"line":373,"column":null}},"115":{"start":{"line":375,"column":2},"end":{"line":377,"column":null}},"116":{"start":{"line":376,"column":4},"end":{"line":376,"column":11}},"117":{"start":{"line":379,"column":2},"end":{"line":381,"column":null}},"118":{"start":{"line":380,"column":4},"end":{"line":380,"column":11}},"119":{"start":{"line":383,"column":2},"end":{"line":385,"column":null}},"120":{"start":{"line":384,"column":4},"end":{"line":384,"column":11}},"121":{"start":{"line":387,"column":17},"end":{"line":387,"column":null}},"122":{"start":{"line":388,"column":2},"end":{"line":390,"column":null}},"123":{"start":{"line":389,"column":4},"end":{"line":389,"column":11}},"124":{"start":{"line":389,"column":26},"end":{"line":389,"column":null}},"125":{"start":{"line":392,"column":2},"end":{"line":392,"column":9}},"126":{"start":{"line":421,"column":25},"end":{"line":437,"column":null}},"127":{"start":{"line":422,"column":2},"end":{"line":434,"column":null}},"128":{"start":{"line":423,"column":4},"end":{"line":423,"column":11}},"129":{"start":{"line":424,"column":9},"end":{"line":434,"column":null}},"130":{"start":{"line":425,"column":4},"end":{"line":425,"column":11}},"131":{"start":{"line":426,"column":9},"end":{"line":434,"column":null}},"132":{"start":{"line":427,"column":4},"end":{"line":427,"column":11}},"133":{"start":{"line":428,"column":9},"end":{"line":434,"column":null}},"134":{"start":{"line":429,"column":4},"end":{"line":429,"column":11}},"135":{"start":{"line":430,"column":9},"end":{"line":434,"column":null}},"136":{"start":{"line":431,"column":4},"end":{"line":431,"column":11}},"137":{"start":{"line":432,"column":9},"end":{"line":434,"column":null}},"138":{"start":{"line":433,"column":4},"end":{"line":433,"column":11}},"139":{"start":{"line":436,"column":2},"end":{"line":436,"column":9}},"140":{"start":{"line":440,"column":2},"end":{"line":440,"column":null}},"141":{"start":{"line":447,"column":17},"end":{"line":447,"column":32}},"142":{"start":{"line":448,"column":21},"end":{"line":448,"column":null}},"143":{"start":{"line":449,"column":2},"end":{"line":453,"column":null}},"144":{"start":{"line":450,"column":4},"end":{"line":450,"column":11}},"145":{"start":{"line":451,"column":9},"end":{"line":453,"column":null}},"146":{"start":{"line":452,"column":4},"end":{"line":452,"column":11}},"147":{"start":{"line":452,"column":42},"end":{"line":452,"column":53}},"148":{"start":{"line":454,"column":2},"end":{"line":454,"column":9}},"149":{"start":{"line":458,"column":2},"end":{"line":460,"column":null}},"150":{"start":{"line":459,"column":4},"end":{"line":459,"column":11}},"151":{"start":{"line":461,"column":2},"end":{"line":461,"column":9}},"152":{"start":{"line":470,"column":2},"end":{"line":520,"column":null}},"153":{"start":{"line":470,"column":15},"end":{"line":470,"column":18}},"154":{"start":{"line":471,"column":19},"end":{"line":471,"column":27}},"155":{"start":{"line":480,"column":4},"end":{"line":519,"column":null}},"156":{"start":{"line":483,"column":28},"end":{"line":483,"column":null}},"157":{"start":{"line":484,"column":58},"end":{"line":484,"column":null}},"158":{"start":{"line":492,"column":6},"end":{"line":508,"column":null}},"159":{"start":{"line":494,"column":36},"end":{"line":494,"column":null}},"160":{"start":{"line":496,"column":8},"end":{"line":501,"column":null}},"161":{"start":{"line":497,"column":10},"end":{"line":497,"column":22}},"162":{"start":{"line":500,"column":10},"end":{"line":500,"column":22}},"163":{"start":{"line":503,"column":8},"end":{"line":503,"column":20}},"164":{"start":{"line":505,"column":8},"end":{"line":505,"column":23}},"165":{"start":{"line":507,"column":8},"end":{"line":507,"column":23}},"166":{"start":{"line":512,"column":6},"end":{"line":512,"column":13}},"167":{"start":{"line":514,"column":6},"end":{"line":516,"column":null}},"168":{"start":{"line":515,"column":8},"end":{"line":515,"column":15}},"169":{"start":{"line":517,"column":11},"end":{"line":519,"column":null}},"170":{"start":{"line":518,"column":6},"end":{"line":518,"column":13}},"171":{"start":{"line":521,"column":2},"end":{"line":521,"column":9}},"172":{"start":{"line":525,"column":2},"end":{"line":546,"column":null}},"173":{"start":{"line":526,"column":4},"end":{"line":528,"column":null}},"174":{"start":{"line":527,"column":6},"end":{"line":527,"column":14}},"175":{"start":{"line":529,"column":4},"end":{"line":529,"column":11}},"176":{"start":{"line":530,"column":6},"end":{"line":532,"column":null}},"177":{"start":{"line":531,"column":8},"end":{"line":531,"column":15}},"178":{"start":{"line":533,"column":6},"end":{"line":533,"column":13}},"179":{"start":{"line":535,"column":9},"end":{"line":546,"column":null}},"180":{"start":{"line":536,"column":16},"end":{"line":536,"column":22}},"181":{"start":{"line":537,"column":4},"end":{"line":537,"column":11}},"182":{"start":{"line":538,"column":6},"end":{"line":538,"column":9}},"183":{"start":{"line":542,"column":6},"end":{"line":542,"column":13}},"184":{"start":{"line":545,"column":4},"end":{"line":545,"column":11}},"185":{"start":{"line":555,"column":2},"end":{"line":557,"column":null}},"186":{"start":{"line":556,"column":4},"end":{"line":556,"column":10}},"187":{"start":{"line":559,"column":19},"end":{"line":559,"column":null}},"188":{"start":{"line":568,"column":2},"end":{"line":571,"column":null}},"189":{"start":{"line":570,"column":4},"end":{"line":570,"column":11}},"190":{"start":{"line":572,"column":2},"end":{"line":574,"column":null}},"191":{"start":{"line":573,"column":4},"end":{"line":573,"column":11}},"192":{"start":{"line":575,"column":2},"end":{"line":577,"column":null}},"193":{"start":{"line":576,"column":4},"end":{"line":576,"column":11}},"194":{"start":{"line":578,"column":2},"end":{"line":578,"column":9}}},"fnMap":{"0":{"name":"isObject","decl":{"start":{"line":10,"column":16},"end":{"line":10,"column":25}},"loc":{"start":{"line":10,"column":35},"end":{"line":12,"column":null}}},"1":{"name":"isEmptyObject","decl":{"start":{"line":14,"column":16},"end":{"line":14,"column":30}},"loc":{"start":{"line":14,"column":40},"end":{"line":16,"column":null}}},"2":{"name":"hasOwnProperty","decl":{"start":{"line":18,"column":16},"end":{"line":18,"column":31}},"loc":{"start":{"line":18,"column":52},"end":{"line":24,"column":null}}},"3":{"name":"validateData","decl":{"start":{"line":31,"column":16},"end":{"line":31,"column":29}},"loc":{"start":{"line":31,"column":51},"end":{"line":37,"column":null}}},"4":{"name":"resolveSchema","decl":{"start":{"line":41,"column":16},"end":{"line":41,"column":30}},"loc":{"start":{"line":41,"column":76},"end":{"line":58,"column":null}}},"5":{"name":"(anonymous_5)","decl":{"start":{"line":50,"column":30},"end":{"line":50,"column":44}},"loc":{"start":{"line":51,"column":8},"end":{"line":51,"column":23}}},"6":{"name":"retrieveSchema","decl":{"start":{"line":60,"column":16},"end":{"line":60,"column":null}},"loc":{"start":{"line":63,"column":20},"end":{"line":96,"column":null}}},"7":{"name":"stubExistingAdditionalProperties","decl":{"start":{"line":100,"column":16},"end":{"line":100,"column":null}},"loc":{"start":{"line":103,"column":20},"end":{"line":137,"column":null}}},"8":{"name":"(anonymous_8)","decl":{"start":{"line":111,"column":32},"end":{"line":111,"column":35}},"loc":{"start":{"line":111,"column":38},"end":{"line":134,"column":null}}},"9":{"name":"resolveReference","decl":{"start":{"line":152,"column":9},"end":{"line":152,"column":26}},"loc":{"start":{"line":152,"column":69},"end":{"line":159,"column":null}}},"10":{"name":"findSchemaDefinition","decl":{"start":{"line":161,"column":16},"end":{"line":161,"column":37}},"loc":{"start":{"line":161,"column":66},"end":{"line":178,"column":null}}},"11":{"name":"resolveDependencies","decl":{"start":{"line":180,"column":9},"end":{"line":180,"column":null}},"loc":{"start":{"line":183,"column":15},"end":{"line":199,"column":null}}},"12":{"name":"processDependencies","decl":{"start":{"line":200,"column":9},"end":{"line":200,"column":null}},"loc":{"start":{"line":204,"column":15},"end":{"line":242,"column":null}}},"13":{"name":"withDependentProperties","decl":{"start":{"line":244,"column":9},"end":{"line":244,"column":33}},"loc":{"start":{"line":244,"column":71},"end":{"line":252,"column":null}}},"14":{"name":"withDependentSchema","decl":{"start":{"line":254,"column":9},"end":{"line":254,"column":null}},"loc":{"start":{"line":259,"column":22},"end":{"line":287,"column":null}}},"15":{"name":"(anonymous_15)","decl":{"start":{"line":275,"column":34},"end":{"line":275,"column":43}},"loc":{"start":{"line":276,"column":4},"end":{"line":278,"column":null}}},"16":{"name":"withExactlyOneSubschema","decl":{"start":{"line":289,"column":9},"end":{"line":289,"column":null}},"loc":{"start":{"line":294,"column":12},"end":{"line":331,"column":null}}},"17":{"name":"(anonymous_17)","decl":{"start":{"line":296,"column":40},"end":{"line":296,"column":58}},"loc":{"start":{"line":296,"column":58},"end":{"line":312,"column":null}}},"18":{"name":"mergeSchemas","decl":{"start":{"line":338,"column":16},"end":{"line":338,"column":29}},"loc":{"start":{"line":338,"column":49},"end":{"line":361,"column":null}}},"19":{"name":"(anonymous_19)","decl":{"start":{"line":340,"column":34},"end":{"line":340,"column":35}},"loc":{"start":{"line":340,"column":47},"end":{"line":360,"column":5}}},"20":{"name":"getSchemaType","decl":{"start":{"line":372,"column":16},"end":{"line":372,"column":30}},"loc":{"start":{"line":372,"column":44},"end":{"line":417,"column":null}}},"21":{"name":"(anonymous_21)","decl":{"start":{"line":389,"column":18},"end":{"line":389,"column":22}},"loc":{"start":{"line":389,"column":26},"end":{"line":389,"column":null}}},"22":{"name":"guessType","decl":{"start":{"line":421,"column":34},"end":{"line":421,"column":44}},"loc":{"start":{"line":421,"column":54},"end":{"line":437,"column":null}}},"23":{"name":"isConstant","decl":{"start":{"line":439,"column":16},"end":{"line":439,"column":27}},"loc":{"start":{"line":439,"column":41},"end":{"line":444,"column":null}}},"24":{"name":"isSelect","decl":{"start":{"line":446,"column":16},"end":{"line":446,"column":25}},"loc":{"start":{"line":446,"column":62},"end":{"line":455,"column":null}}},"25":{"name":"(anonymous_25)","decl":{"start":{"line":452,"column":28},"end":{"line":452,"column":38}},"loc":{"start":{"line":452,"column":42},"end":{"line":452,"column":53}}},"26":{"name":"isMultiSelect","decl":{"start":{"line":457,"column":16},"end":{"line":457,"column":30}},"loc":{"start":{"line":457,"column":69},"end":{"line":462,"column":null}}},"27":{"name":"getMatchingOption","decl":{"start":{"line":465,"column":16},"end":{"line":465,"column":null}},"loc":{"start":{"line":468,"column":49},"end":{"line":522,"column":null}}},"28":{"name":"(anonymous_28)","decl":{"start":{"line":484,"column":50},"end":{"line":484,"column":53}},"loc":{"start":{"line":484,"column":58},"end":{"line":484,"column":null}}},"29":{"name":"mergeDefaultsWithFormData","decl":{"start":{"line":524,"column":16},"end":{"line":524,"column":42}},"loc":{"start":{"line":524,"column":70},"end":{"line":547,"column":null}}},"30":{"name":"(anonymous_30)","decl":{"start":{"line":529,"column":24},"end":{"line":529,"column":25}},"loc":{"start":{"line":529,"column":39},"end":{"line":534,"column":null}}},"31":{"name":"(anonymous_31)","decl":{"start":{"line":537,"column":40},"end":{"line":537,"column":41}},"loc":{"start":{"line":537,"column":53},"end":{"line":543,"column":7}}}},"branchMap":{"0":{"loc":{"start":{"line":11,"column":9},"end":{"line":11,"column":38}},"type":"binary-expr","locations":[{"start":{"line":11,"column":9},"end":{"line":11,"column":38}},{"start":{"line":11,"column":38},"end":{"line":11,"column":56}},{"start":{"line":11,"column":56},"end":{"line":11,"column":62}}]},"1":{"loc":{"start":{"line":15,"column":9},"end":{"line":15,"column":18}},"type":"binary-expr","locations":[{"start":{"line":15,"column":9},"end":{"line":15,"column":18}},{"start":{"line":15,"column":28},"end":{"line":15,"column":null}}]},"2":{"loc":{"start":{"line":41,"column":59},"end":{"line":41,"column":63}},"type":"default-arg","locations":[{"start":{"line":41,"column":59},"end":{"line":41,"column":63}}]},"3":{"loc":{"start":{"line":41,"column":74},"end":{"line":41,"column":76}},"type":"default-arg","locations":[{"start":{"line":41,"column":74},"end":{"line":41,"column":76}}]},"4":{"loc":{"start":{"line":42,"column":2},"end":{"line":57,"column":null}},"type":"if","locations":[{"start":{"line":42,"column":2},"end":{"line":57,"column":null}},{"start":{"line":42,"column":2},"end":{"line":57,"column":null}}]},"5":{"loc":{"start":{"line":44,"column":9},"end":{"line":57,"column":null}},"type":"if","locations":[{"start":{"line":44,"column":9},"end":{"line":57,"column":null}},{"start":{"line":44,"column":9},"end":{"line":57,"column":null}}]},"6":{"loc":{"start":{"line":47,"column":9},"end":{"line":57,"column":null}},"type":"if","locations":[{"start":{"line":47,"column":9},"end":{"line":57,"column":null}},{"start":{"line":47,"column":9},"end":{"line":57,"column":null}}]},"7":{"loc":{"start":{"line":47,"column":13},"end":{"line":47,"column":28}},"type":"binary-expr","locations":[{"start":{"line":47,"column":13},"end":{"line":47,"column":28}},{"start":{"line":47,"column":48},"end":{"line":47,"column":53}}]},"8":{"loc":{"start":{"line":62,"column":15},"end":{"line":62,"column":null}},"type":"default-arg","locations":[{"start":{"line":62,"column":15},"end":{"line":62,"column":null}}]},"9":{"loc":{"start":{"line":63,"column":18},"end":{"line":63,"column":20}},"type":"default-arg","locations":[{"start":{"line":63,"column":18},"end":{"line":63,"column":20}}]},"10":{"loc":{"start":{"line":65,"column":2},"end":{"line":67,"column":null}},"type":"if","locations":[{"start":{"line":65,"column":2},"end":{"line":67,"column":null}},{"start":{"line":65,"column":2},"end":{"line":67,"column":null}}]},"11":{"loc":{"start":{"line":71,"column":2},"end":{"line":83,"column":null}},"type":"if","locations":[{"start":{"line":71,"column":2},"end":{"line":83,"column":null}},{"start":{"line":71,"column":2},"end":{"line":83,"column":null}}]},"12":{"loc":{"start":{"line":85,"column":4},"end":{"line":85,"column":18}},"type":"binary-expr","locations":[{"start":{"line":85,"column":4},"end":{"line":85,"column":18}},{"start":{"line":86,"column":4},"end":{"line":86,"column":null}}]},"13":{"loc":{"start":{"line":87,"column":2},"end":{"line":94,"column":null}},"type":"if","locations":[{"start":{"line":87,"column":2},"end":{"line":94,"column":null}},{"start":{"line":87,"column":2},"end":{"line":94,"column":null}}]},"14":{"loc":{"start":{"line":102,"column":23},"end":{"line":102,"column":null}},"type":"default-arg","locations":[{"start":{"line":102,"column":23},"end":{"line":102,"column":null}}]},"15":{"loc":{"start":{"line":103,"column":18},"end":{"line":103,"column":20}},"type":"default-arg","locations":[{"start":{"line":103,"column":18},"end":{"line":103,"column":20}}]},"16":{"loc":{"start":{"line":112,"column":4},"end":{"line":115,"column":null}},"type":"if","locations":[{"start":{"line":112,"column":4},"end":{"line":115,"column":null}},{"start":{"line":112,"column":4},"end":{"line":115,"column":null}}]},"17":{"loc":{"start":{"line":118,"column":4},"end":{"line":128,"column":null}},"type":"if","locations":[{"start":{"line":118,"column":4},"end":{"line":128,"column":null}},{"start":{"line":118,"column":4},"end":{"line":128,"column":null}}]},"18":{"loc":{"start":{"line":124,"column":11},"end":{"line":128,"column":null}},"type":"if","locations":[{"start":{"line":124,"column":11},"end":{"line":128,"column":null}},{"start":{"line":124,"column":11},"end":{"line":128,"column":null}}]},"19":{"loc":{"start":{"line":161,"column":64},"end":{"line":161,"column":66}},"type":"default-arg","locations":[{"start":{"line":161,"column":64},"end":{"line":161,"column":66}}]},"20":{"loc":{"start":{"line":163,"column":2},"end":{"line":168,"column":null}},"type":"if","locations":[{"start":{"line":163,"column":2},"end":{"line":168,"column":null}},{"start":{"line":163,"column":2},"end":{"line":168,"column":null}}]},"21":{"loc":{"start":{"line":170,"column":2},"end":{"line":172,"column":null}},"type":"if","locations":[{"start":{"line":170,"column":2},"end":{"line":172,"column":null}},{"start":{"line":170,"column":2},"end":{"line":172,"column":null}}]},"22":{"loc":{"start":{"line":173,"column":2},"end":{"line":176,"column":null}},"type":"if","locations":[{"start":{"line":173,"column":2},"end":{"line":176,"column":null}},{"start":{"line":173,"column":2},"end":{"line":176,"column":null}}]},"23":{"loc":{"start":{"line":186,"column":23},"end":{"line":186,"column":27}},"type":"default-arg","locations":[{"start":{"line":186,"column":23},"end":{"line":186,"column":27}}]},"24":{"loc":{"start":{"line":187,"column":2},"end":{"line":197,"column":null}},"type":"if","locations":[{"start":{"line":187,"column":2},"end":{"line":197,"column":null}},{"start":{"line":187,"column":2},"end":{"line":197,"column":null}}]},"25":{"loc":{"start":{"line":192,"column":9},"end":{"line":197,"column":null}},"type":"if","locations":[{"start":{"line":192,"column":9},"end":{"line":197,"column":null}},{"start":{"line":192,"column":9},"end":{"line":197,"column":null}}]},"26":{"loc":{"start":{"line":209,"column":4},"end":{"line":211,"column":null}},"type":"if","locations":[{"start":{"line":209,"column":4},"end":{"line":211,"column":null}},{"start":{"line":209,"column":4},"end":{"line":211,"column":null}}]},"27":{"loc":{"start":{"line":213,"column":4},"end":{"line":218,"column":null}},"type":"if","locations":[{"start":{"line":213,"column":4},"end":{"line":218,"column":null}},{"start":{"line":213,"column":4},"end":{"line":218,"column":null}}]},"28":{"loc":{"start":{"line":214,"column":6},"end":{"line":214,"column":null}},"type":"binary-expr","locations":[{"start":{"line":214,"column":6},"end":{"line":214,"column":null}},{"start":{"line":215,"column":6},"end":{"line":215,"column":8}}]},"29":{"loc":{"start":{"line":223,"column":4},"end":{"line":233,"column":null}},"type":"if","locations":[{"start":{"line":223,"column":4},"end":{"line":233,"column":null}},{"start":{"line":223,"column":4},"end":{"line":233,"column":null}}]},"30":{"loc":{"start":{"line":225,"column":11},"end":{"line":233,"column":null}},"type":"if","locations":[{"start":{"line":225,"column":11},"end":{"line":233,"column":null}},{"start":{"line":225,"column":11},"end":{"line":233,"column":null}}]},"31":{"loc":{"start":{"line":245,"column":2},"end":{"line":247,"column":null}},"type":"if","locations":[{"start":{"line":245,"column":2},"end":{"line":247,"column":null}},{"start":{"line":245,"column":2},"end":{"line":247,"column":null}}]},"32":{"loc":{"start":{"line":249,"column":6},"end":{"line":249,"column":11}},"type":"cond-expr","locations":[{"start":{"line":249,"column":6},"end":{"line":249,"column":11}},{"start":{"line":250,"column":6},"end":{"line":250,"column":null}}]},"33":{"loc":{"start":{"line":269,"column":2},"end":{"line":273,"column":null}},"type":"if","locations":[{"start":{"line":269,"column":2},"end":{"line":273,"column":null}},{"start":{"line":269,"column":2},"end":{"line":273,"column":null}}]},"34":{"loc":{"start":{"line":271,"column":9},"end":{"line":273,"column":null}},"type":"if","locations":[{"start":{"line":271,"column":9},"end":{"line":273,"column":null}},{"start":{"line":271,"column":9},"end":{"line":273,"column":null}}]},"35":{"loc":{"start":{"line":277,"column":8},"end":{"line":277,"column":25}},"type":"cond-expr","locations":[{"start":{"line":277,"column":8},"end":{"line":277,"column":25}},{"start":{"line":278,"column":8},"end":{"line":278,"column":null}}]},"36":{"loc":{"start":{"line":297,"column":4},"end":{"line":299,"column":null}},"type":"if","locations":[{"start":{"line":297,"column":4},"end":{"line":299,"column":null}},{"start":{"line":297,"column":4},"end":{"line":299,"column":null}}]},"37":{"loc":{"start":{"line":301,"column":4},"end":{"line":311,"column":null}},"type":"if","locations":[{"start":{"line":301,"column":4},"end":{"line":311,"column":null}},{"start":{"line":301,"column":4},"end":{"line":311,"column":null}}]},"38":{"loc":{"start":{"line":310,"column":13},"end":{"line":310,"column":24}},"type":"binary-expr","locations":[{"start":{"line":310,"column":13},"end":{"line":310,"column":24}},{"start":{"line":310,"column":24},"end":{"line":310,"column":null}}]},"39":{"loc":{"start":{"line":313,"column":2},"end":{"line":318,"column":null}},"type":"if","locations":[{"start":{"line":313,"column":2},"end":{"line":318,"column":null}},{"start":{"line":313,"column":2},"end":{"line":318,"column":null}}]},"40":{"loc":{"start":{"line":341,"column":24},"end":{"line":341,"column":29}},"type":"cond-expr","locations":[{"start":{"line":341,"column":24},"end":{"line":341,"column":29}},{"start":{"line":341,"column":36},"end":{"line":341,"column":null}}]},"41":{"loc":{"start":{"line":343,"column":4},"end":{"line":358,"column":null}},"type":"if","locations":[{"start":{"line":343,"column":4},"end":{"line":358,"column":null}},{"start":{"line":343,"column":4},"end":{"line":358,"column":null}}]},"42":{"loc":{"start":{"line":343,"column":8},"end":{"line":343,"column":12}},"type":"binary-expr","locations":[{"start":{"line":343,"column":8},"end":{"line":343,"column":12}},{"start":{"line":343,"column":16},"end":{"line":343,"column":31}},{"start":{"line":343,"column":45},"end":{"line":343,"column":54}}]},"43":{"loc":{"start":{"line":345,"column":11},"end":{"line":358,"column":null}},"type":"if","locations":[{"start":{"line":345,"column":11},"end":{"line":358,"column":null}},{"start":{"line":345,"column":11},"end":{"line":358,"column":null}}]},"44":{"loc":{"start":{"line":346,"column":6},"end":{"line":346,"column":10}},"type":"binary-expr","locations":[{"start":{"line":346,"column":6},"end":{"line":346,"column":10}},{"start":{"line":347,"column":6},"end":{"line":347,"column":null}},{"start":{"line":348,"column":7},"end":{"line":348,"column":43}},{"start":{"line":348,"column":43},"end":{"line":348,"column":null}},{"start":{"line":349,"column":6},"end":{"line":349,"column":null}},{"start":{"line":350,"column":6},"end":{"line":350,"column":11}},{"start":{"line":351,"column":6},"end":{"line":351,"column":11}}]},"45":{"loc":{"start":{"line":375,"column":2},"end":{"line":377,"column":null}},"type":"if","locations":[{"start":{"line":375,"column":2},"end":{"line":377,"column":null}},{"start":{"line":375,"column":2},"end":{"line":377,"column":null}}]},"46":{"loc":{"start":{"line":375,"column":6},"end":{"line":375,"column":15}},"type":"binary-expr","locations":[{"start":{"line":375,"column":6},"end":{"line":375,"column":15}},{"start":{"line":375,"column":15},"end":{"line":375,"column":29}}]},"47":{"loc":{"start":{"line":379,"column":2},"end":{"line":381,"column":null}},"type":"if","locations":[{"start":{"line":379,"column":2},"end":{"line":381,"column":null}},{"start":{"line":379,"column":2},"end":{"line":381,"column":null}}]},"48":{"loc":{"start":{"line":379,"column":6},"end":{"line":379,"column":15}},"type":"binary-expr","locations":[{"start":{"line":379,"column":6},"end":{"line":379,"column":15}},{"start":{"line":379,"column":15},"end":{"line":379,"column":28}}]},"49":{"loc":{"start":{"line":383,"column":2},"end":{"line":385,"column":null}},"type":"if","locations":[{"start":{"line":383,"column":2},"end":{"line":385,"column":null}},{"start":{"line":383,"column":2},"end":{"line":385,"column":null}}]},"50":{"loc":{"start":{"line":383,"column":6},"end":{"line":383,"column":16}},"type":"binary-expr","locations":[{"start":{"line":383,"column":6},"end":{"line":383,"column":16}},{"start":{"line":383,"column":16},"end":{"line":383,"column":37}},{"start":{"line":383,"column":37},"end":{"line":383,"column":67}}]},"51":{"loc":{"start":{"line":388,"column":2},"end":{"line":390,"column":null}},"type":"if","locations":[{"start":{"line":388,"column":2},"end":{"line":390,"column":null}},{"start":{"line":388,"column":2},"end":{"line":390,"column":null}}]},"52":{"loc":{"start":{"line":388,"column":6},"end":{"line":388,"column":28}},"type":"binary-expr","locations":[{"start":{"line":388,"column":6},"end":{"line":388,"column":28}},{"start":{"line":388,"column":28},"end":{"line":388,"column":46}},{"start":{"line":388,"column":46},"end":{"line":388,"column":47}}]},"53":{"loc":{"start":{"line":422,"column":2},"end":{"line":434,"column":null}},"type":"if","locations":[{"start":{"line":422,"column":2},"end":{"line":434,"column":null}},{"start":{"line":422,"column":2},"end":{"line":434,"column":null}}]},"54":{"loc":{"start":{"line":424,"column":9},"end":{"line":434,"column":null}},"type":"if","locations":[{"start":{"line":424,"column":9},"end":{"line":434,"column":null}},{"start":{"line":424,"column":9},"end":{"line":434,"column":null}}]},"55":{"loc":{"start":{"line":426,"column":9},"end":{"line":434,"column":null}},"type":"if","locations":[{"start":{"line":426,"column":9},"end":{"line":434,"column":null}},{"start":{"line":426,"column":9},"end":{"line":434,"column":null}}]},"56":{"loc":{"start":{"line":428,"column":9},"end":{"line":434,"column":null}},"type":"if","locations":[{"start":{"line":428,"column":9},"end":{"line":434,"column":null}},{"start":{"line":428,"column":9},"end":{"line":434,"column":null}}]},"57":{"loc":{"start":{"line":430,"column":9},"end":{"line":434,"column":null}},"type":"if","locations":[{"start":{"line":430,"column":9},"end":{"line":434,"column":null}},{"start":{"line":430,"column":9},"end":{"line":434,"column":null}}]},"58":{"loc":{"start":{"line":432,"column":9},"end":{"line":434,"column":null}},"type":"if","locations":[{"start":{"line":432,"column":9},"end":{"line":434,"column":null}},{"start":{"line":432,"column":9},"end":{"line":434,"column":null}}]},"59":{"loc":{"start":{"line":441,"column":5},"end":{"line":441,"column":10}},"type":"binary-expr","locations":[{"start":{"line":441,"column":5},"end":{"line":441,"column":10}},{"start":{"line":441,"column":35},"end":{"line":441,"column":null}},{"start":{"line":442,"column":4},"end":{"line":442,"column":10}}]},"60":{"loc":{"start":{"line":446,"column":60},"end":{"line":446,"column":62}},"type":"default-arg","locations":[{"start":{"line":446,"column":60},"end":{"line":446,"column":62}}]},"61":{"loc":{"start":{"line":448,"column":21},"end":{"line":448,"column":37}},"type":"binary-expr","locations":[{"start":{"line":448,"column":21},"end":{"line":448,"column":37}},{"start":{"line":448,"column":37},"end":{"line":448,"column":null}}]},"62":{"loc":{"start":{"line":449,"column":2},"end":{"line":453,"column":null}},"type":"if","locations":[{"start":{"line":449,"column":2},"end":{"line":453,"column":null}},{"start":{"line":449,"column":2},"end":{"line":453,"column":null}}]},"63":{"loc":{"start":{"line":451,"column":9},"end":{"line":453,"column":null}},"type":"if","locations":[{"start":{"line":451,"column":9},"end":{"line":453,"column":null}},{"start":{"line":451,"column":9},"end":{"line":453,"column":null}}]},"64":{"loc":{"start":{"line":457,"column":67},"end":{"line":457,"column":69}},"type":"default-arg","locations":[{"start":{"line":457,"column":67},"end":{"line":457,"column":69}}]},"65":{"loc":{"start":{"line":458,"column":2},"end":{"line":460,"column":null}},"type":"if","locations":[{"start":{"line":458,"column":2},"end":{"line":460,"column":null}},{"start":{"line":458,"column":2},"end":{"line":460,"column":null}}]},"66":{"loc":{"start":{"line":458,"column":6},"end":{"line":458,"column":29}},"type":"binary-expr","locations":[{"start":{"line":458,"column":6},"end":{"line":458,"column":29}},{"start":{"line":458,"column":29},"end":{"line":458,"column":44}}]},"67":{"loc":{"start":{"line":480,"column":4},"end":{"line":519,"column":null}},"type":"if","locations":[{"start":{"line":480,"column":4},"end":{"line":519,"column":null}},{"start":{"line":480,"column":4},"end":{"line":519,"column":null}}]},"68":{"loc":{"start":{"line":492,"column":6},"end":{"line":508,"column":null}},"type":"if","locations":[{"start":{"line":492,"column":6},"end":{"line":508,"column":null}},{"start":{"line":492,"column":6},"end":{"line":508,"column":null}}]},"69":{"loc":{"start":{"line":496,"column":8},"end":{"line":501,"column":null}},"type":"if","locations":[{"start":{"line":496,"column":8},"end":{"line":501,"column":null}},{"start":{"line":496,"column":8},"end":{"line":501,"column":null}}]},"70":{"loc":{"start":{"line":514,"column":6},"end":{"line":516,"column":null}},"type":"if","locations":[{"start":{"line":514,"column":6},"end":{"line":516,"column":null}},{"start":{"line":514,"column":6},"end":{"line":516,"column":null}}]},"71":{"loc":{"start":{"line":517,"column":11},"end":{"line":519,"column":null}},"type":"if","locations":[{"start":{"line":517,"column":11},"end":{"line":519,"column":null}},{"start":{"line":517,"column":11},"end":{"line":519,"column":null}}]},"72":{"loc":{"start":{"line":525,"column":2},"end":{"line":546,"column":null}},"type":"if","locations":[{"start":{"line":525,"column":2},"end":{"line":546,"column":null}},{"start":{"line":525,"column":2},"end":{"line":546,"column":null}}]},"73":{"loc":{"start":{"line":526,"column":4},"end":{"line":528,"column":null}},"type":"if","locations":[{"start":{"line":526,"column":4},"end":{"line":528,"column":null}},{"start":{"line":526,"column":4},"end":{"line":528,"column":null}}]},"74":{"loc":{"start":{"line":530,"column":6},"end":{"line":532,"column":null}},"type":"if","locations":[{"start":{"line":530,"column":6},"end":{"line":532,"column":null}},{"start":{"line":530,"column":6},"end":{"line":532,"column":null}}]},"75":{"loc":{"start":{"line":535,"column":9},"end":{"line":546,"column":null}},"type":"if","locations":[{"start":{"line":535,"column":9},"end":{"line":546,"column":null}},{"start":{"line":535,"column":9},"end":{"line":546,"column":null}}]},"76":{"loc":{"start":{"line":539,"column":19},"end":{"line":539,"column":28}},"type":"cond-expr","locations":[{"start":{"line":539,"column":19},"end":{"line":539,"column":28}},{"start":{"line":539,"column":35},"end":{"line":539,"column":null}}]},"77":{"loc":{"start":{"line":555,"column":2},"end":{"line":557,"column":null}},"type":"if","locations":[{"start":{"line":555,"column":2},"end":{"line":557,"column":null}},{"start":{"line":555,"column":2},"end":{"line":557,"column":null}}]},"78":{"loc":{"start":{"line":568,"column":2},"end":{"line":571,"column":null}},"type":"if","locations":[{"start":{"line":568,"column":2},"end":{"line":571,"column":null}},{"start":{"line":568,"column":2},"end":{"line":571,"column":null}}]},"79":{"loc":{"start":{"line":572,"column":2},"end":{"line":574,"column":null}},"type":"if","locations":[{"start":{"line":572,"column":2},"end":{"line":574,"column":null}},{"start":{"line":572,"column":2},"end":{"line":574,"column":null}}]},"80":{"loc":{"start":{"line":572,"column":6},"end":{"line":572,"column":15}},"type":"binary-expr","locations":[{"start":{"line":572,"column":6},"end":{"line":572,"column":15}},{"start":{"line":572,"column":28},"end":{"line":572,"column":33}}]},"81":{"loc":{"start":{"line":575,"column":2},"end":{"line":577,"column":null}},"type":"if","locations":[{"start":{"line":575,"column":2},"end":{"line":577,"column":null}},{"start":{"line":575,"column":2},"end":{"line":577,"column":null}}]},"82":{"loc":{"start":{"line":575,"column":6},"end":{"line":575,"column":24}},"type":"binary-expr","locations":[{"start":{"line":575,"column":6},"end":{"line":575,"column":24}},{"start":{"line":575,"column":24},"end":{"line":575,"column":46}},{"start":{"line":575,"column":46},"end":{"line":575,"column":63}}]},"83":{"loc":{"start":{"line":578,"column":9},"end":{"line":578,"column":17}},"type":"binary-expr","locations":[{"start":{"line":578,"column":9},"end":{"line":578,"column":17}},{"start":{"line":578,"column":21},"end":{"line":578,"column":null}}]}},"s":{"0":3,"1":3,"2":3,"3":3,"4":29,"5":0,"6":60,"7":3,"8":0,"9":0,"10":20,"11":0,"12":20,"13":0,"14":0,"15":20,"16":0,"17":0,"18":20,"19":20,"20":0,"21":20,"22":20,"23":0,"24":0,"25":0,"26":0,"27":0,"28":20,"29":20,"30":0,"31":20,"32":3,"33":0,"34":0,"35":0,"36":0,"37":0,"38":0,"39":0,"40":0,"41":0,"42":0,"43":0,"44":0,"45":0,"46":0,"47":0,"48":0,"49":0,"50":0,"51":0,"52":0,"53":0,"54":0,"55":0,"56":0,"57":0,"58":0,"59":0,"60":0,"61":0,"62":0,"63":0,"64":0,"65":0,"66":0,"67":0,"68":0,"69":0,"70":0,"71":0,"72":0,"73":0,"74":0,"75":0,"76":0,"77":0,"78":0,"79":0,"80":0,"81":0,"82":0,"83":0,"84":0,"85":0,"86":0,"87":0,"88":0,"89":0,"90":0,"91":0,"92":0,"93":0,"94":0,"95":0,"96":0,"97":0,"98":0,"99":0,"100":0,"101":0,"102":0,"103":0,"104":0,"105":0,"106":0,"107":0,"108":0,"109":0,"110":0,"111":0,"112":0,"113":0,"114":0,"115":0,"116":0,"117":0,"118":0,"119":0,"120":0,"121":0,"122":0,"123":0,"124":0,"125":0,"126":3,"127":0,"128":0,"129":0,"130":0,"131":0,"132":0,"133":0,"134":0,"135":0,"136":0,"137":0,"138":0,"139":0,"140":0,"141":0,"142":0,"143":0,"144":0,"145":0,"146":0,"147":0,"148":0,"149":0,"150":0,"151":0,"152":0,"153":0,"154":0,"155":0,"156":0,"157":0,"158":0,"159":0,"160":0,"161":0,"162":0,"163":0,"164":0,"165":0,"166":0,"167":0,"168":0,"169":0,"170":0,"171":0,"172":0,"173":0,"174":0,"175":0,"176":0,"177":0,"178":0,"179":0,"180":0,"181":0,"182":0,"183":0,"184":0,"185":0,"186":0,"187":0,"188":0,"189":0,"190":0,"191":0,"192":0,"193":0,"194":0},"f":{"0":29,"1":0,"2":60,"3":0,"4":20,"5":0,"6":20,"7":0,"8":0,"9":0,"10":0,"11":0,"12":0,"13":0,"14":0,"15":0,"16":0,"17":0,"18":0,"19":0,"20":0,"21":0,"22":0,"23":0,"24":0,"25":0,"26":0,"27":0,"28":0,"29":0,"30":0,"31":0},"b":{"0":[29,29,29],"1":[0,0],"2":[0],"3":[0],"4":[0,20],"5":[0,20],"6":[0,20],"7":[20,0],"8":[0],"9":[8],"10":[0,20],"11":[0,20],"12":[20,0],"13":[0,20],"14":[0],"15":[0],"16":[0,0],"17":[0,0],"18":[0,0],"19":[0],"20":[0,0],"21":[0,0],"22":[0,0],"23":[0],"24":[0,0],"25":[0,0],"26":[0,0],"27":[0,0],"28":[0,0],"29":[0,0],"30":[0,0],"31":[0,0],"32":[0,0],"33":[0,0],"34":[0,0],"35":[0,0],"36":[0,0],"37":[0,0],"38":[0,0],"39":[0,0],"40":[0,0],"41":[0,0],"42":[0,0,0],"43":[0,0],"44":[0,0,0,0,0,0,0],"45":[0,0],"46":[0,0],"47":[0,0],"48":[0,0],"49":[0,0],"50":[0,0,0],"51":[0,0],"52":[0,0,0],"53":[0,0],"54":[0,0],"55":[0,0],"56":[0,0],"57":[0,0],"58":[0,0],"59":[0,0,0],"60":[0],"61":[0,0],"62":[0,0],"63":[0,0],"64":[0],"65":[0,0],"66":[0,0],"67":[0,0],"68":[0,0],"69":[0,0],"70":[0,0],"71":[0,0],"72":[0,0],"73":[0,0],"74":[0,0],"75":[0,0],"76":[0,0],"77":[0,0],"78":[0,0],"79":[0,0],"80":[0,0],"81":[0,0],"82":[0,0,0],"83":[0,0]}}
,"F:\\js_workplace\\research\\vue3-json-schema-form\\lib\\validator.ts": {"path":"F:\\js_workplace\\research\\vue3-json-schema-form\\lib\\validator.ts","statementMap":{"0":{"start":{"line":3,"column":0},"end":{"line":3,"column":null}},"1":{"start":{"line":4,"column":0},"end":{"line":4,"column":null}},"2":{"start":{"line":7,"column":0},"end":{"line":7,"column":null}},"3":{"start":{"line":26,"column":2},"end":{"line":26,"column":29}},"4":{"start":{"line":26,"column":22},"end":{"line":26,"column":29}},"5":{"start":{"line":28,"column":2},"end":{"line":28,"column":9}},"6":{"start":{"line":29,"column":32},"end":{"line":29,"column":null}},"7":{"start":{"line":30,"column":17},"end":{"line":30,"column":24}},"8":{"start":{"line":31,"column":17},"end":{"line":31,"column":null}},"9":{"start":{"line":35,"column":4},"end":{"line":37,"column":null}},"10":{"start":{"line":36,"column":6},"end":{"line":36,"column":10}},"11":{"start":{"line":39,"column":4},"end":{"line":44,"column":null}},"12":{"start":{"line":40,"column":6},"end":{"line":42,"column":null}},"13":{"start":{"line":41,"column":10},"end":{"line":41,"column":24}},"14":{"start":{"line":43,"column":6},"end":{"line":43,"column":12}},"15":{"start":{"line":46,"column":4},"end":{"line":55,"column":null}},"16":{"start":{"line":50,"column":6},"end":{"line":50,"column":12}},"17":{"start":{"line":52,"column":6},"end":{"line":54,"column":null}},"18":{"start":{"line":53,"column":8},"end":{"line":53,"column":14}},"19":{"start":{"line":57,"column":4},"end":{"line":57,"column":11}},"20":{"start":{"line":62,"column":2},"end":{"line":62,"column":53}},"21":{"start":{"line":62,"column":46},"end":{"line":62,"column":53}},"22":{"start":{"line":64,"column":2},"end":{"line":64,"column":9}},"23":{"start":{"line":65,"column":4},"end":{"line":65,"column":11}},"24":{"start":{"line":82,"column":24},"end":{"line":82,"column":null}},"25":{"start":{"line":84,"column":2},"end":{"line":88,"column":null}},"26":{"start":{"line":85,"column":4},"end":{"line":85,"column":13}},"27":{"start":{"line":87,"column":4},"end":{"line":87,"column":19}},"28":{"start":{"line":90,"column":2},"end":{"line":90,"column":7}},"29":{"start":{"line":91,"column":15},"end":{"line":91,"column":31}},"30":{"start":{"line":93,"column":2},"end":{"line":100,"column":null}},"31":{"start":{"line":94,"column":4},"end":{"line":94,"column":10}},"32":{"start":{"line":103,"column":22},"end":{"line":103,"column":36}},"33":{"start":{"line":105,"column":2},"end":{"line":111,"column":null}},"34":{"start":{"line":106,"column":4},"end":{"line":106,"column":11}},"35":{"start":{"line":123,"column":16},"end":{"line":123,"column":null}},"36":{"start":{"line":124,"column":2},"end":{"line":124,"column":8}},"37":{"start":{"line":125,"column":25},"end":{"line":125,"column":38}},"38":{"start":{"line":127,"column":2},"end":{"line":127,"column":9}},"39":{"start":{"line":128,"column":2},"end":{"line":128,"column":9}},"40":{"start":{"line":136,"column":14},"end":{"line":136,"column":null}},"41":{"start":{"line":137,"column":2},"end":{"line":137,"column":9}},"42":{"start":{"line":139,"column":6},"end":{"line":148,"column":null}},"43":{"start":{"line":140,"column":8},"end":{"line":140,"column":15}},"44":{"start":{"line":141,"column":27},"end":{"line":141,"column":34}},"45":{"start":{"line":142,"column":10},"end":{"line":146,"column":null}},"46":{"start":{"line":143,"column":12},"end":{"line":143,"column":20}},"47":{"start":{"line":145,"column":14},"end":{"line":145,"column":28}},"48":{"start":{"line":149,"column":18},"end":{"line":149,"column":25}},"49":{"start":{"line":150,"column":6},"end":{"line":154,"column":null}},"50":{"start":{"line":151,"column":23},"end":{"line":151,"column":null}},"51":{"start":{"line":152,"column":10},"end":{"line":152,"column":24}},"52":{"start":{"line":153,"column":8},"end":{"line":153,"column":15}},"53":{"start":{"line":156,"column":6},"end":{"line":156,"column":13}},"54":{"start":{"line":162,"column":14},"end":{"line":162,"column":20}},"55":{"start":{"line":163,"column":2},"end":{"line":163,"column":9}},"56":{"start":{"line":164,"column":17},"end":{"line":164,"column":null}},"57":{"start":{"line":165,"column":14},"end":{"line":165,"column":19}},"58":{"start":{"line":166,"column":4},"end":{"line":172,"column":null}},"59":{"start":{"line":167,"column":6},"end":{"line":167,"column":9}},"60":{"start":{"line":168,"column":11},"end":{"line":172,"column":null}},"61":{"start":{"line":169,"column":6},"end":{"line":169,"column":9}},"62":{"start":{"line":171,"column":6},"end":{"line":171,"column":9}},"63":{"start":{"line":173,"column":4},"end":{"line":173,"column":11}}},"fnMap":{"0":{"name":"toErrorSchema","decl":{"start":{"line":25,"column":9},"end":{"line":25,"column":23}},"loc":{"start":{"line":25,"column":55},"end":{"line":59,"column":null}}},"1":{"name":"(anonymous_1)","decl":{"start":{"line":28,"column":23},"end":{"line":28,"column":24}},"loc":{"start":{"line":28,"column":44},"end":{"line":58,"column":4}}},"2":{"name":"transformErrors","decl":{"start":{"line":61,"column":9},"end":{"line":61,"column":25}},"loc":{"start":{"line":61,"column":69},"end":{"line":73,"column":null}}},"3":{"name":"(anonymous_3)","decl":{"start":{"line":64,"column":20},"end":{"line":64,"column":21}},"loc":{"start":{"line":64,"column":73},"end":{"line":72,"column":null}}},"4":{"name":"validateFormData","decl":{"start":{"line":75,"column":22},"end":{"line":75,"column":null}},"loc":{"start":{"line":80,"column":51},"end":{"line":133,"column":null}}},"5":{"name":"createErrorProxy","decl":{"start":{"line":135,"column":9},"end":{"line":135,"column":25}},"loc":{"start":{"line":135,"column":25},"end":{"line":159,"column":null}}},"6":{"name":"(anonymous_6)","decl":{"start":{"line":138,"column":4},"end":{"line":138,"column":7}},"loc":{"start":{"line":138,"column":28},"end":{"line":157,"column":null}}},"7":{"name":"(anonymous_7)","decl":{"start":{"line":140,"column":16},"end":{"line":140,"column":31}},"loc":{"start":{"line":140,"column":31},"end":{"line":147,"column":null}}},"8":{"name":"mergeObjects","decl":{"start":{"line":160,"column":16},"end":{"line":160,"column":29}},"loc":{"start":{"line":160,"column":71},"end":{"line":175,"column":null}}},"9":{"name":"(anonymous_9)","decl":{"start":{"line":163,"column":34},"end":{"line":163,"column":35}},"loc":{"start":{"line":163,"column":47},"end":{"line":174,"column":5}}}},"branchMap":{"0":{"loc":{"start":{"line":26,"column":2},"end":{"line":26,"column":29}},"type":"if","locations":[{"start":{"line":26,"column":2},"end":{"line":26,"column":29}},{"start":{"line":26,"column":2},"end":{"line":26,"column":29}}]},"1":{"loc":{"start":{"line":35,"column":4},"end":{"line":37,"column":null}},"type":"if","locations":[{"start":{"line":35,"column":4},"end":{"line":37,"column":null}},{"start":{"line":35,"column":4},"end":{"line":37,"column":null}}]},"2":{"loc":{"start":{"line":35,"column":8},"end":{"line":35,"column":27}},"type":"binary-expr","locations":[{"start":{"line":35,"column":8},"end":{"line":35,"column":27}},{"start":{"line":35,"column":27},"end":{"line":35,"column":43}}]},"3":{"loc":{"start":{"line":40,"column":6},"end":{"line":42,"column":null}},"type":"if","locations":[{"start":{"line":40,"column":6},"end":{"line":42,"column":null}},{"start":{"line":40,"column":6},"end":{"line":42,"column":null}}]},"4":{"loc":{"start":{"line":46,"column":4},"end":{"line":55,"column":null}},"type":"if","locations":[{"start":{"line":46,"column":4},"end":{"line":55,"column":null}},{"start":{"line":46,"column":4},"end":{"line":55,"column":null}}]},"5":{"loc":{"start":{"line":50,"column":47},"end":{"line":50,"column":54}},"type":"binary-expr","locations":[{"start":{"line":50,"column":47},"end":{"line":50,"column":54}},{"start":{"line":50,"column":58},"end":{"line":50,"column":null}}]},"6":{"loc":{"start":{"line":52,"column":6},"end":{"line":54,"column":null}},"type":"if","locations":[{"start":{"line":52,"column":6},"end":{"line":54,"column":null}},{"start":{"line":52,"column":6},"end":{"line":54,"column":null}}]},"7":{"loc":{"start":{"line":62,"column":2},"end":{"line":62,"column":53}},"type":"if","locations":[{"start":{"line":62,"column":2},"end":{"line":62,"column":53}},{"start":{"line":62,"column":2},"end":{"line":62,"column":53}}]},"8":{"loc":{"start":{"line":62,"column":5},"end":{"line":62,"column":24}},"type":"binary-expr","locations":[{"start":{"line":62,"column":5},"end":{"line":62,"column":24}},{"start":{"line":62,"column":24},"end":{"line":62,"column":46}}]},"9":{"loc":{"start":{"line":79,"column":19},"end":{"line":79,"column":null}},"type":"default-arg","locations":[{"start":{"line":79,"column":19},"end":{"line":79,"column":null}}]},"10":{"loc":{"start":{"line":93,"column":2},"end":{"line":100,"column":null}},"type":"if","locations":[{"start":{"line":93,"column":2},"end":{"line":100,"column":null}},{"start":{"line":93,"column":2},"end":{"line":100,"column":null}}]},"11":{"loc":{"start":{"line":105,"column":2},"end":{"line":111,"column":null}},"type":"if","locations":[{"start":{"line":105,"column":2},"end":{"line":111,"column":null}},{"start":{"line":105,"column":2},"end":{"line":111,"column":null}}]},"12":{"loc":{"start":{"line":139,"column":6},"end":{"line":148,"column":null}},"type":"if","locations":[{"start":{"line":139,"column":6},"end":{"line":148,"column":null}},{"start":{"line":139,"column":6},"end":{"line":148,"column":null}}]},"13":{"loc":{"start":{"line":142,"column":10},"end":{"line":146,"column":null}},"type":"if","locations":[{"start":{"line":142,"column":10},"end":{"line":146,"column":null}},{"start":{"line":142,"column":10},"end":{"line":146,"column":null}}]},"14":{"loc":{"start":{"line":142,"column":14},"end":{"line":142,"column":22}},"type":"binary-expr","locations":[{"start":{"line":142,"column":14},"end":{"line":142,"column":22}},{"start":{"line":142,"column":26},"end":{"line":142,"column":31}}]},"15":{"loc":{"start":{"line":150,"column":6},"end":{"line":154,"column":null}},"type":"if","locations":[{"start":{"line":150,"column":6},"end":{"line":154,"column":null}},{"start":{"line":150,"column":6},"end":{"line":154,"column":null}}]},"16":{"loc":{"start":{"line":160,"column":66},"end":{"line":160,"column":71}},"type":"default-arg","locations":[{"start":{"line":160,"column":66},"end":{"line":160,"column":71}}]},"17":{"loc":{"start":{"line":164,"column":24},"end":{"line":164,"column":29}},"type":"cond-expr","locations":[{"start":{"line":164,"column":24},"end":{"line":164,"column":29}},{"start":{"line":164,"column":36},"end":{"line":164,"column":null}}]},"18":{"loc":{"start":{"line":166,"column":4},"end":{"line":172,"column":null}},"type":"if","locations":[{"start":{"line":166,"column":4},"end":{"line":172,"column":null}},{"start":{"line":166,"column":4},"end":{"line":172,"column":null}}]},"19":{"loc":{"start":{"line":166,"column":8},"end":{"line":166,"column":12}},"type":"binary-expr","locations":[{"start":{"line":166,"column":8},"end":{"line":166,"column":12}},{"start":{"line":166,"column":16},"end":{"line":166,"column":20}},{"start":{"line":166,"column":44},"end":{"line":166,"column":53}}]},"20":{"loc":{"start":{"line":168,"column":11},"end":{"line":172,"column":null}},"type":"if","locations":[{"start":{"line":168,"column":11},"end":{"line":172,"column":null}},{"start":{"line":168,"column":11},"end":{"line":172,"column":null}}]},"21":{"loc":{"start":{"line":168,"column":15},"end":{"line":168,"column":27}},"type":"binary-expr","locations":[{"start":{"line":168,"column":15},"end":{"line":168,"column":27}},{"start":{"line":168,"column":31},"end":{"line":168,"column":36}},{"start":{"line":168,"column":54},"end":{"line":168,"column":59}}]}},"s":{"0":3,"1":3,"2":3,"3":0,"4":0,"5":0,"6":0,"7":0,"8":0,"9":0,"10":0,"11":0,"12":0,"13":0,"14":0,"15":0,"16":0,"17":0,"18":0,"19":0,"20":0,"21":0,"22":0,"23":0,"24":0,"25":0,"26":0,"27":0,"28":0,"29":0,"30":0,"31":0,"32":0,"33":0,"34":0,"35":0,"36":0,"37":0,"38":0,"39":0,"40":0,"41":0,"42":0,"43":0,"44":0,"45":0,"46":0,"47":0,"48":0,"49":0,"50":0,"51":0,"52":0,"53":0,"54":0,"55":0,"56":0,"57":0,"58":0,"59":0,"60":0,"61":0,"62":0,"63":
[...]
,"F:\\js_workplace\\research\\vue3-json-schema-form\\lib\\fields\\StringField.tsx": {"path":"F:\\js_workplace\\research\\vue3-json-schema-form\\lib\\fields\\StringField.tsx","statementMap":{"0":{"start":{"line":3,"column":0},"end":{"line":3,"column":null}},"1":{"start":{"line":4,"column":0},"end":{"line":4,"column":null}},"2":{"start":{"line":6,"column":15},"end":{"line":6,"column":31}},"3":{"start":{"line":10,"column":26},"end":{"line":10,"column":35}},"4":{"start":{"line":11,"column":25},"end":{"line":11,"column":35}},"5":{"start":{"line":12,"column":6},"end":{"line":12,"column":13}},"6":{"start":{"line":15,"column":26},"end":{"line":17,"column":null}},"7":{"start":{"line":16,"column":6},"end":{"line":16,"column":11}},"8":{"start":{"line":19,"column":29},"end":{"line":19,"column":38}},"9":{"start":{"line":20,"column":51},"end":{"line":20,"column":null}},"10":{"start":{"line":21,"column":6},"end":{"line":21,"column":13}},"11":{"start":{"line":24,"column":4},"end":{"line":24,"column":11}},"12":{"start":{"line":25,"column":47},"end":{"line":25,"column":null}},"13":{"start":{"line":26,"column":25},"end":{"line":26,"column":null}},"14":{"start":{"line":28,"column":6},"end":{"line":28,"column":13}},"15":{"start":{"line":29,"column":6},"end":{"line":29,"column":null}}},"fnMap":{"0":{"name":"(anonymous_0)","decl":{"start":{"line":9,"column":2},"end":{"line":9,"column":7}},"loc":{"start":{"line":9,"column":13},"end":{"line":38,"column":null}}},"1":{"name":"(anonymous_1)","decl":{"start":{"line":10,"column":35},"end":{"line":10,"column":39}},"loc":{"start":{"line":10,"column":39},"end":{"line":13,"column":null}}},"2":{"name":"(anonymous_2)","decl":{"start":{"line":15,"column":26},"end":{"line":15,"column":39}},"loc":{"start":{"line":15,"column":39},"end":{"line":17,"column":null}}},"3":{"name":"(anonymous_3)","decl":{"start":{"line":19,"column":38},"end":{"line":19,"column":42}},"loc":{"start":{"line":19,"column":42},"end":{"line":22,"column":null}}},"4":{"name":"(anonymous_4)","decl":{"start":{"line":24,"column":11},"end":{"line":24,"column":15}},"loc":{"start":{"line":24,"column":15},"end":{"line":37,"column":null}}}},"branchMap":{},"s":{"0":3,"1":3,"2":3,"3":6,"4":9,"5":9,"6":6,"7":0,"8":6,"9":9,"10":9,"11":6,"12":9,"13":9,"14":9,"15":9},"f":{"0":6,"1":9,"2":0,"3":9,"4":9},"b":{}}
,"F:\\js_workplace\\research\\vue3-json-schema-form\\lib\\theme-default\\FormItem.tsx": {"path":"F:\\js_workplace\\research\\vue3-json-schema-form\\lib\\theme-default\\FormItem.tsx","statementMap":{"0":{"start":{"line":2,"column":0},"end":{"line":2,"column":null}},"1":{"start":{"line":4,"column":0},"end":{"line":4,"column":null}},"2":{"start":{"line":6,"column":18},"end":{"line":6,"column":34}},"3":{"start":{"line":23,"column":18},"end":{"line":23,"column":34}},"4":{"start":{"line":27,"column":23},"end":{"line":27,"column":null}},"5":{"start":{"line":29,"column":4},"end":{"line":29,"column":11}},"6":{"start":{"line":30,"column":31},"end":{"line":30,"column":null}},"7":{"start":{"line":31,"column":22},"end":{"line":31,"column":null}},"8":{"start":{"line":33,"column":6},"end":{"line":33,"column":null}},"9":{"start":{"line":38,"column":28},"end":{"line":38,"column":35}},"10":{"start":{"line":45,"column":15},"end":{"line":45,"column":null}},"11":{"start":{"line":48,"column":2},"end":{"line":48,"column":9}},"12":{"start":{"line":52,"column":6},"end":{"line":52,"column":13}},"13":{"start":{"line":53,"column":8},"end":{"line":53,"column":29}}},"fnMap":{"0":{"name":"(anonymous_0)","decl":{"start":{"line":26,"column":2},"end":{"line":26,"column":7}},"loc":{"start":{"line":26,"column":22},"end":{"line":43,"column":null}}},"1":{"name":"(anonymous_1)","decl":{"start":{"line":29,"column":11},"end":{"line":29,"column":16}},"loc":{"start":{"line":29,"column":16},"end":{"line":42,"column":null}}},"2":{"name":"(anonymous_2)","decl":{"start":{"line":38,"column":25},"end":{"line":38,"column":28}},"loc":{"start":{"line":38,"column":28},"end":{"line":38,"column":35}}},"3":{"name":"withFormItem","decl":{"start":{"line":47,"column":16},"end":{"line":47,"column":29}},"loc":{"start":{"line":47,"column":40},"end":{"line":59,"column":null}}},"4":{"name":"(anonymous_4)","decl":{"start":{"line":51,"column":4},"end":{"line":51,"column":9}},"loc":{"start":{"line":51,"column":24},"end":{"line":57,"column":null}}},"5":{"name":"(anonymous_5)","decl":{"start":{"line":52,"column":13},"end":{"line":52,"column":17}},"loc":{"start":{"line":52,"column":17},"end":{"line":56,"column":null}}},"6":{"name":"(anonymous_6)","decl":{"start":{"line":53,"column":8},"end":{"line":53,"column":29}},"loc":{"start":{"line":53,"column":8},"end":{"line":53,"column":29}}}},"branchMap":{"0":{"loc":{"start":{"line":36,"column":11},"end":{"line":36,"column":28}},"type":"binary-expr","locations":[{"start":{"line":36,"column":11},"end":{"line":36,"column":28}},{"start":{"line":36,"column":28},"end":{"line":36,"column":33}}]}},"s":{"0":3,"1":3,"2":3,"3":3,"4":12,"5":12,"6":18,"7":18,"8":18,"9":0,"10":3,"11":9,"12":12,"13":36},"f":{"0":12,"1":18,"2":0,"3":9,"4":12,"5":18,"6":18},"b":{"0":[18,18]}}
,"F:\\js_workplace\\research\\vue3-json-schema-form\\lib\\theme-default\\NumberWidget.tsx": {"path":"F:\\js_workplace\\research\\vue3-json-schema-form\\lib\\theme-default\\NumberWidget.tsx","statementMap":{"0":{"start":{"line":3,"column":0},"end":{"line":3,"column":null}},"1":{"start":{"line":4,"column":0},"end":{"line":4,"column":null}},"2":{"start":{"line":6,"column":41},"end":{"line":6,"column":54}},"3":{"start":{"line":10,"column":26},"end":{"line":14,"column":null}},"4":{"start":{"line":11,"column":20},"end":{"line":11,"column":null}},"5":{"start":{"line":12,"column":6},"end":{"line":12,"column":7}},"6":{"start":{"line":13,"column":6},"end":{"line":13,"column":11}},"7":{"start":{"line":16,"column":4},"end":{"line":16,"column":11}},"8":{"start":{"line":16,"column":11},"end":{"line":16,"column":29}},"9":{"start":{"line":20,"column":15},"end":{"line":20,"column":null}}},"fnMap":{"0":{"name":"(anonymous_0)","decl":{"start":{"line":9,"column":2},"end":{"line":9,"column":7}},"loc":{"start":{"line":9,"column":13},"end":{"line":17,"column":null}}},"1":{"name":"(anonymous_1)","decl":{"start":{"line":10,"column":26},"end":{"line":10,"column":36}},"loc":{"start":{"line":10,"column":36},"end":{"line":14,"column":null}}},"2":{"name":"(anonymous_2)","decl":{"start":{"line":16,"column":11},"end":{"line":16,"column":29}},"loc":{"start":{"line":16,"column":11},"end":{"line":16,"column":29}}}},"branchMap":{},"s":{"0":3,"1":3,"2":3,"3":5,"4":1,"5":1,"6":1,"7":5,"8":8,"9":3},"f":{"0":5,"1":1,"2":8},"b":{}}
,"F:\\js_workplace\\research\\vue3-json-schema-form\\lib\\theme-default\\SelectionWidget.tsx": {"path":"F:\\js_workplace\\research\\vue3-json-schema-form\\lib\\theme-default\\SelectionWidget.tsx","statementMap":{"0":{"start":{"line":3,"column":0},"end":{"line":3,"column":null}},"1":{"start":{"line":4,"column":0},"end":{"line":4,"column":null}},"2":{"start":{"line":7,"column":46},"end":{"line":7,"column":59}},"3":{"start":{"line":11,"column":28},"end":{"line":11,"column":32}},"4":{"start":{"line":14,"column":4},"end":{"line":14,"column":10}},"5":{"start":{"line":15,"column":6},"end":{"line":17,"column":null}},"6":{"start":{"line":16,"column":8},"end":{"line":16,"column":13}},"7":{"start":{"line":19,"column":4},"end":{"line":19,"column":10}},"8":{"start":{"line":19,"column":14},"end":{"line":19,"column":26}},"9":{"start":{"line":20,"column":6},"end":{"line":22,"column":null}},"10":{"start":{"line":21,"column":8},"end":{"line":21,"column":23}},"11":{"start":{"line":25,"column":4},"end":{"line":25,"column":11}},"12":{"start":{"line":26,"column":24},"end":{"line":26,"column":null}},"13":{"start":{"line":27,"column":6},"end":{"line":27,"column":null}},"14":{"start":{"line":28,"column":41},"end":{"line":27,"column":null}},"15":{"start":{"line":30,"column":26},"end":{"line":30,"column":43}},"16":{"start":{"line":38,"column":15},"end":{"line":38,"column":null}}},"fnMap":{"0":{"name":"(anonymous_0)","decl":{"start":{"line":10,"column":2},"end":{"line":10,"column":7}},"loc":{"start":{"line":10,"column":13},"end":{"line":35,"column":null}}},"1":{"name":"(anonymous_1)","decl":{"start":{"line":14,"column":26},"end":{"line":14,"column":28}},"loc":{"start":{"line":14,"column":42},"end":{"line":18,"column":null}}},"2":{"name":"(anonymous_2)","decl":{"start":{"line":19,"column":10},"end":{"line":19,"column":14}},"loc":{"start":{"line":19,"column":14},"end":{"line":19,"column":26}}},"3":{"name":"(anonymous_3)","decl":{"start":{"line":19,"column":27},"end":{"line":19,"column":31}},"loc":{"start":{"line":19,"column":31},"end":{"line":23,"column":null}}},"4":{"name":"(anonymous_4)","decl":{"start":{"line":25,"column":11},"end":{"line":25,"column":16}},"loc":{"start":{"line":25,"column":16},"end":{"line":34,"column":null}}},"5":{"name":"(anonymous_5)","decl":{"start":{"line":27,"column":6},"end":{"line":27,"column":null}},"loc":{"start":{"line":28,"column":41},"end":{"line":27,"column":null}}},"6":{"name":"(anonymous_6)","decl":{"start":{"line":30,"column":24},"end":{"line":30,"column":26}},"loc":{"start":{"line":30,"column":26},"end":{"line":30,"column":43}}}},"branchMap":{"0":{"loc":{"start":{"line":15,"column":6},"end":{"line":17,"column":null}},"type":"if","locations":[{"start":{"line":15,"column":6},"end":{"line":17,"column":null}},{"start":{"line":15,"column":6},"end":{"line":17,"column":null}}]},"1":{"loc":{"start":{"line":20,"column":6},"end":{"line":22,"column":null}},"type":"if","locations":[{"start":{"line":20,"column":6},"end":{"line":22,"column":null}},{"start":{"line":20,"column":6},"end":{"line":22,"column":null}}]}},"s":{"0":3,"1":3,"2":3,"3":1,"4":1,"5":0,"6":0,"7":1,"8":1,"9":0,"10":0,"11":1,"12":1,"13":1,"14":0,"15":3,"16":3},"f":{"0":1,"1":0,"2":1,"3":0,"4":1,"5":0,"6":3},"b":{"0":[0,0],"1":[0,0]}}
,"F:\\js_workplace\\research\\vue3-json-schema-form\\lib\\theme-default\\TextWidget.tsx": {"path":"F:\\js_workplace\\research\\vue3-json-schema-form\\lib\\theme-default\\TextWidget.tsx","statementMap":{"0":{"start":{"line":1,"column":0},"end":{"line":1,"column":null}},"1":{"start":{"line":4,"column":0},"end":{"line":4,"column":null}},"2":{"start":{"line":6,"column":39},"end":{"line":6,"column":52}},"3":{"start":{"line":10,"column":26},"end":{"line":27,"column":null}},"4":{"start":{"line":24,"column":20},"end":{"line":24,"column":null}},"5":{"start":{"line":25,"column":6},"end":{"line":25,"column":7}},"6":{"start":{"line":26,"column":6},"end":{"line":26,"column":11}},"7":{"start":{"line":29,"column":21},"end":{"line":29,"column":30}},"8":{"start":{"line":30,"column":6},"end":{"line":30,"column":13}},"9":{"start":{"line":35,"column":4},"end":{"line":35,"column":11}},"10":{"start":{"line":36,"column":6},"end":{"line":36,"column":null}},"11":{"start":{"line":48,"column":15},"end":{"line":48,"column":null}}},"fnMap":{"0":{"name":"(anonymous_0)","decl":{"start":{"line":9,"column":2},"end":{"line":9,"column":7}},"loc":{"start":{"line":9,"column":13},"end":{"line":45,"column":null}}},"1":{"name":"(anonymous_1)","decl":{"start":{"line":10,"column":26},"end":{"line":10,"column":36}},"loc":{"start":{"line":10,"column":36},"end":{"line":27,"column":null}}},"2":{"name":"(anonymous_2)","decl":{"start":{"line":29,"column":30},"end":{"line":29,"column":34}},"loc":{"start":{"line":29,"column":34},"end":{"line":33,"column":null}}},"3":{"name":"(anonymous_3)","decl":{"start":{"line":35,"column":11},"end":{"line":35,"column":15}},"loc":{"start":{"line":35,"column":15},"end":{"line":44,"column":null}}}},"branchMap":{"0":{"loc":{"start":{"line":31,"column":16},"end":{"line":31,"column":33}},"type":"binary-expr","locations":[{"start":{"line":31,"column":16},"end":{"line":31,"column":33}},{"start":{"line":31,"column":33},"end":{"line":31,"column":57}},{"start":{"line":31,"column":57},"end":{"line":31,"column":null}}]}},"s":{"0":3,"1":3,"2":3,"3":6,"4":0,"5":0,"6":0,"7":6,"8":9,"9":6,"10":9,"11":3},"f":{"0":6,"1":0,"2":9,"3":9},"b":{"0":[9,9,9]}}
,"F:\\js_workplace\\research\\vue3-json-schema-form\\lib\\theme-default\\index.tsx": {"path":"F:\\js_workplace\\research\\vue3-json-schema-form\\lib\\theme-default\\index.tsx","statementMap":{"0":{"start":{"line":1,"column":0},"end":{"line":1,"column":null}},"1":{"start":{"line":3,"column":0},"end":{"line":3,"column":null}},"2":{"start":{"line":4,"column":0},"end":{"line":4,"column":null}},"3":{"start":{"line":5,"column":0},"end":{"line":5,"column":null}},"4":{"start":{"line":6,"column":0},"end":{"line":6,"column":null}},"5":{"start":{"line":8,"column":41},"end":{"line":8,"column":57}},"6":{"start":{"line":11,"column":4},"end":{"line":11,"column":11}},"7":{"start":{"line":11,"column":17},"end":{"line":11,"column":null}},"8":{"start":{"line":15,"column":15},"end":{"line":15,"column":null}}},"fnMap":{"0":{"name":"(anonymous_0)","decl":{"start":{"line":10,"column":2},"end":{"line":10,"column":7}},"loc":{"start":{"line":10,"column":7},"end":{"line":12,"column":null}}},"1":{"name":"(anonymous_1)","decl":{"start":{"line":11,"column":11},"end":{"line":11,"column":17}},"loc":{"start":{"line":11,"column":17},"end":{"line":11,"column":null}}}},"branchMap":{},"s":{"0":3,"1":3,"2":3,"3":3,"4":3,"5":3,"6":0,"7":0,"8":3},"f":{"0":0,"1":0},"b":{}}
,"F:\\js_workplace\\research\\vue3-json-schema-form\\lib\\widgets\\Selection.tsx": {"path":"F:\\js_workplace\\research\\vue3-json-schema-form\\lib\\widgets\\Selection.tsx","statementMap":{"0":{"start":{"line":3,"column":15},"end":{"line":3,"column":31}},"1":{"start":{"line":20,"column":28},"end":{"line":20,"column":32}},"2":{"start":{"line":23,"column":4},"end":{"line":23,"column":10}},"3":{"start":{"line":24,"column":6},"end":{"line":26,"column":null}},"4":{"start":{"line":25,"column":8},"end":{"line":25,"column":13}},"5":{"start":{"line":28,"column":4},"end":{"line":28,"column":10}},"6":{"start":{"line":28,"column":14},"end":{"line":28,"column":26}},"7":{"start":{"line":29,"column":6},"end":{"line":31,"column":null}},"8":{"start":{"line":30,"column":8},"end":{"line":30,"column":23}},"9":{"start":{"line":34,"column":4},"end":{"line":34,"column":11}},"10":{"start":{"line":35,"column":24},"end":{"line":35,"column":null}},"11":{"start":{"line":36,"column":6},"end":{"line":36,"column":null}},"12":{"start":{"line":37,"column":41},"end":{"line":36,"column":null}},"13":{"start":{"line":39,"column":26},"end":{"line":39,"column":43}}},"fnMap":{"0":{"name":"(anonymous_0)","decl":{"start":{"line":19,"column":2},"end":{"line":19,"column":7}},"loc":{"start":{"line":19,"column":13},"end":{"line":44,"column":null}}},"1":{"name":"(anonymous_1)","decl":{"start":{"line":23,"column":26},"end":{"line":23,"column":28}},"loc":{"start":{"line":23,"column":42},"end":{"line":27,"column":null}}},"2":{"name":"(anonymous_2)","decl":{"start":{"line":28,"column":10},"end":{"line":28,"column":14}},"loc":{"start":{"line":28,"column":14},"end":{"line":28,"column":26}}},"3":{"name":"(anonymous_3)","decl":{"start":{"line":28,"column":27},"end":{"line":28,"column":31}},"loc":{"start":{"line":28,"column":31},"end":{"line":32,"column":null}}},"4":{"name":"(anonymous_4)","decl":{"start":{"line":34,"column":11},"end":{"line":34,"column":16}},"loc":{"start":{"line":34,"column":16},"end":{"line":43,"column":null}}},"5":{"name":"(anonymous_5)","decl":{"start":{"line":36,"column":6},"end":{"line":36,"column":null}},"loc":{"start":{"line":37,"column":41},"end":{"line":36,"column":null}}},"6":{"name":"(anonymous_6)","decl":{"start":{"line":39,"column":24},"end":{"line":39,"column":26}},"loc":{"start":{"line":39,"column":26},"end":{"line":39,"column":43}}}},"branchMap":{"0":{"loc":{"start":{"line":24,"column":6},"end":{"line":26,"column":null}},"type":"if","locations":[{"start":{"line":24,"column":6},"end":{"line":26,"column":null}},{"start":{"line":24,"column":6},"end":{"line":26,"column":null}}]},"1":{"loc":{"start":{"line":29,"column":6},"end":{"line":31,"column":null}},"type":"if","locations":[{"start":{"line":29,"column":6},"end":{"line":31,"column":null}},{"start":{"line":29,"column":6},"end":{"line":31,"column":null}}]}},"s":{"0":3,"1":0,"2":0,"3":0,"4":0,"5":0,"6":0,"7":0,"8":0,"9":0,"10":0,"11":0,"12":0,"13":0},"f":{"0":0,"1":0,"2":0,"3":0,"4":0,"5":0,"6":0},"b":{"0":[0,0],"1":[0,0]}}
,"F:\\js_workplace\\research\\vue3-json-schema-form\\tests\\unit\\utils\\TestComponent.tsx": {"path":"F:\\js_workplace\\research\\vue3-json-schema-form\\tests\\unit\\utils\\TestComponent.tsx","statementMap":{"0":{"start":{"line":2,"column":0},"end":{"line":2,"column":null}},"1":{"start":{"line":3,"column":0},"end":{"line":3,"column":null}},"2":{"start":{"line":8,"column":36},"end":{"line":8,"column":52}},"3":{"start":{"line":10,"column":4},"end":{"line":10,"column":11}},"4":{"start":{"line":10,"column":11},"end":{"line":10,"column":null}},"5":{"start":{"line":18,"column":15},"end":{"line":18,"column":31}},"6":{"start":{"line":34,"column":4},"end":{"line":34,"column":11}},"7":{"start":{"line":34,"column":11},"end":{"line":34,"column":null}}},"fnMap":{"0":{"name":"(anonymous_0)","decl":{"start":{"line":9,"column":2},"end":{"line":9,"column":7}},"loc":{"start":{"line":9,"column":20},"end":{"line":15,"column":null}}},"1":{"name":"(anonymous_1)","decl":{"start":{"line":10,"column":11},"end":{"line":10,"column":null}},"loc":{"start":{"line":10,"column":11},"end":{"line":10,"column":null}}},"2":{"name":"(anonymous_3)","decl":{"start":{"line":33,"column":2},"end":{"line":33,"column":7}},"loc":{"start":{"line":33,"column":13},"end":{"line":39,"column":null}}},"3":{"name":"(anonymous_4)","decl":{"start":{"line":34,"column":11},"end":{"line":34,"column":null}},"loc":{"start":{"line":34,"column":11},"end":{"line":34,"column":null}}}},"branchMap":{"0":{"loc":{"start":{"line":12,"column":9},"end":{"line":12,"column":26}},"type":"binary-expr","locations":[{"start":{"line":12,"column":9},"end":{"line":12,"column":26}},{"start":{"line":12,"column":26},"end":{"line":12,"column":31}}]}},"s":{"0":3,"1":3,"2":3,"3":7,"4":14,"5":3,"6":7,"7":14},"f":{"0":7,"1":14,"2":7,"3":14},"b":{"0":[7,7]}}
}
