TN:
SF:F:\js_workplace\research\vue3-json-schema-form\lib\SchemaForm.tsx
FN:22,(anonymous_0)
FN:23,(anonymous_1)
FN:33,(anonymous_2)
FNF:3
FNH:3
FNDA:3,(anonymous_0)
FNDA:4,(anonymous_1)
FNDA:3,(anonymous_2)
DA:4,2
DA:5,2
DA:7,2
DA:23,3
DA:24,4
DA:27,3
DA:31,3
DA:33,3
DA:34,3
DA:35,3
LF:10
LH:10
BRF:0
BRH:0
end_of_record
TN:
SF:F:\js_workplace\research\vue3-json-schema-form\lib\SchemaItem.tsx
FN:13,(anonymous_0)
FN:14,(anonymous_1)
FN:19,(anonymous_2)
FNF:3
FNH:3
FNDA:7,(anonymous_0)
FNDA:10,(anonymous_1)
FNDA:13,(anonymous_2)
DA:3,2
DA:4,2
DA:5,2
DA:6,2
DA:7,2
DA:8,2
DA:10,2
DA:14,7
DA:15,10
DA:16,10
DA:19,7
DA:20,13
DA:22,13
DA:26,13
DA:29,13
DA:31,5
DA:32,5
DA:35,6
DA:36,6
DA:39,2
DA:40,2
DA:43,0
DA:44,0
DA:47,0
DA:51,13
LF:25
LH:22
BRDA:30,0,0,5
BRDA:30,0,1,6
BRDA:30,0,2,2
BRDA:30,0,3,0
BRDA:30,0,4,0
BRF:5
BRH:3
end_of_record
TN:
SF:F:\js_workplace\research\vue3-json-schema-form\lib\context.ts
FN:6,useVJSFContext
FNF:1
FNH:1
FNDA:2,useVJSFContext
DA:1,2
DA:4,2
DA:7,2
DA:9,2
DA:10,0
DA:13,2
LF:6
LH:5
BRDA:9,0,0,0
BRDA:9,0,1,2
BRF:2
BRH:1
end_of_record
TN:
SF:F:\js_workplace\research\vue3-json-schema-form\lib\index.ts
FNF:0
FNH:0
DA:3,2
DA:4,2
DA:5,2
DA:7,2
LF:4
LH:4
BRF:0
BRH:0
end_of_record
TN:
SF:F:\js_workplace\research\vue3-json-schema-form\lib\types.ts
FN:3,(anonymous_0)
FNF:1
FNH:1
FNDA:2,(anonymous_0)
DA:1,2
DA:3,2
DA:4,2
DA:5,2
DA:6,2
DA:7,2
DA:8,2
DA:9,2
DA:52,2
DA:70,2
LF:10
LH:10
BRDA:3,0,0,2
BRDA:3,0,1,2
BRF:2
BRH:2
end_of_record
TN:
SF:F:\js_workplace\research\vue3-json-schema-form\lib\utils.ts
FN:10,isObject
FN:14,isEmptyObject
FN:18,hasOwnProperty
FN:31,validateData
FN:41,resolveSchema
FN:50,(anonymous_5)
FN:60,retrieveSchema
FN:100,stubExistingAdditionalProperties
FN:111,(anonymous_8)
FN:152,resolveReference
FN:161,findSchemaDefinition
FN:180,resolveDependencies
FN:200,processDependencies
FN:244,withDependentProperties
FN:254,withDependentSchema
FN:275,(anonymous_15)
FN:289,withExactlyOneSubschema
FN:296,(anonymous_17)
FN:338,mergeSchemas
FN:340,(anonymous_19)
FN:372,getSchemaType
FN:389,(anonymous_21)
FN:421,guessType
FN:439,isConstant
FN:446,isSelect
FN:452,(anonymous_25)
FN:457,isMultiSelect
FN:465,getMatchingOption
FN:484,(anonymous_28)
FN:524,mergeDefaultsWithFormData
FN:529,(anonymous_30)
FN:537,(anonymous_31)
FNF:32
FNH:4
FNDA:18,isObject
FNDA:0,isEmptyObject
FNDA:30,hasOwnProperty
FNDA:0,validateData
FNDA:10,resolveSchema
FNDA:0,(anonymous_5)
FNDA:10,retrieveSchema
FNDA:0,stubExistingAdditionalProperties
FNDA:0,(anonymous_8)
FNDA:0,resolveReference
FNDA:0,findSchemaDefinition
FNDA:0,resolveDependencies
FNDA:0,processDependencies
FNDA:0,withDependentProperties
FNDA:0,withDependentSchema
FNDA:0,(anonymous_15)
FNDA:0,withExactlyOneSubschema
FNDA:0,(anonymous_17)
FNDA:0,mergeSchemas
FNDA:0,(anonymous_19)
FNDA:0,getSchemaType
FNDA:0,(anonymous_21)
FNDA:0,guessType
FNDA:0,isConstant
FNDA:0,isSelect
FNDA:0,(anonymous_25)
FNDA:0,isMultiSelect
FNDA:0,getMatchingOption
FNDA:0,(anonymous_28)
FNDA:0,mergeDefaultsWithFormData
FNDA:0,(anonymous_30)
FNDA:0,(anonymous_31)
DA:1,2
DA:6,2
DA:7,2
DA:8,2
DA:11,18
DA:15,0
DA:23,30
DA:30,2
DA:32,0
DA:33,0
DA:42,10
DA:43,0
DA:44,10
DA:45,0
DA:46,0
DA:47,10
DA:48,0
DA:51,0
DA:56,10
DA:65,10
DA:66,0
DA:68,10
DA:71,10
DA:72,0
DA:73,0
DA:79,0
DA:80,0
DA:81,0
DA:85,10
DA:87,10
DA:89,0
DA:95,10
DA:98,2
DA:106,0
DA:111,0
DA:112,0
DA:114,0
DA:118,0
DA:119,0
DA:124,0
DA:125,0
DA:127,0
DA:131,0
DA:133,0
DA:136,0
DA:154,0
DA:156,0
DA:158,0
DA:162,0
DA:163,0
DA:165,0
DA:167,0
DA:169,0
DA:170,0
DA:171,0
DA:173,0
DA:175,0
DA:177,0
DA:186,0
DA:187,0
DA:188,0
DA:192,0
DA:193,0
DA:198,0
DA:207,0
DA:209,0
DA:210,0
DA:213,0
DA:217,0
DA:222,0
DA:223,0
DA:224,0
DA:225,0
DA:226,0
DA:234,0
DA:241,0
DA:245,0
DA:246,0
DA:248,0
DA:251,0
DA:262,0
DA:267,0
DA:269,0
DA:270,0
DA:271,0
DA:272,0
DA:275,0
DA:276,0
DA:280,0
DA:296,0
DA:297,0
DA:298,0
DA:300,0
DA:301,0
DA:302,0
DA:309,0
DA:310,0
DA:313,0
DA:314,0
DA:317,0
DA:320,0
DA:324,0
DA:325,0
DA:326,0
DA:339,0
DA:340,0
DA:341,0
DA:342,0
DA:343,0
DA:344,0
DA:345,0
DA:355,0
DA:357,0
DA:359,0
DA:373,0
DA:375,0
DA:376,0
DA:379,0
DA:380,0
DA:383,0
DA:384,0
DA:387,0
DA:388,0
DA:389,0
DA:392,0
DA:421,2
DA:422,0
DA:423,0
DA:424,0
DA:425,0
DA:426,0
DA:427,0
DA:428,0
DA:429,0
DA:430,0
DA:431,0
DA:432,0
DA:433,0
DA:436,0
DA:440,0
DA:447,0
DA:448,0
DA:449,0
DA:450,0
DA:451,0
DA:452,0
DA:454,0
DA:458,0
DA:459,0
DA:461,0
DA:470,0
DA:471,0
DA:480,0
DA:483,0
DA:484,0
DA:492,0
DA:494,0
DA:496,0
DA:497,0
DA:500,0
DA:503,0
DA:505,0
DA:507,0
DA:512,0
DA:514,0
DA:515,0
DA:517,0
DA:518,0
DA:521,0
DA:525,0
DA:526,0
DA:527,0
DA:529,0
DA:530,0
DA:531,0
DA:533,0
DA:535,0
DA:536,0
DA:537,0
DA:538,0
DA:542,0
DA:545,0
DA:555,0
DA:556,0
DA:559,0
DA:568,0
DA:570,0
DA:572,0
DA:573,0
DA:575,0
DA:576,0
DA:578,0
LF:192
LH:19
BRDA:11,0,0,18
BRDA:11,0,1,18
BRDA:11,0,2,18
BRDA:15,1,0,0
BRDA:15,1,1,0
BRDA:41,2,0,0
BRDA:41,3,0,0
BRDA:42,4,0,0
BRDA:42,4,1,10
BRDA:44,5,0,0
BRDA:44,5,1,10
BRDA:47,6,0,0
BRDA:47,6,1,10
BRDA:47,7,0,10
BRDA:47,7,1,0
BRDA:62,8,0,0
BRDA:63,9,0,4
BRDA:65,10,0,0
BRDA:65,10,1,10
BRDA:71,11,0,0
BRDA:71,11,1,10
BRDA:85,12,0,10
BRDA:85,12,1,0
BRDA:87,13,0,0
BRDA:87,13,1,10
BRDA:102,14,0,0
BRDA:103,15,0,0
BRDA:112,16,0,0
BRDA:112,16,1,0
BRDA:118,17,0,0
BRDA:118,17,1,0
BRDA:124,18,0,0
BRDA:124,18,1,0
BRDA:161,19,0,0
BRDA:163,20,0,0
BRDA:163,20,1,0
BRDA:170,21,0,0
BRDA:170,21,1,0
BRDA:173,22,0,0
BRDA:173,22,1,0
BRDA:186,23,0,0
BRDA:187,24,0,0
BRDA:187,24,1,0
BRDA:192,25,0,0
BRDA:192,25,1,0
BRDA:209,26,0,0
BRDA:209,26,1,0
BRDA:213,27,0,0
BRDA:213,27,1,0
BRDA:214,28,0,0
BRDA:214,28,1,0
BRDA:223,29,0,0
BRDA:223,29,1,0
BRDA:225,30,0,0
BRDA:225,30,1,0
BRDA:245,31,0,0
BRDA:245,31,1,0
BRDA:249,32,0,0
BRDA:249,32,1,0
BRDA:269,33,0,0
BRDA:269,33,1,0
BRDA:271,34,0,0
BRDA:271,34,1,0
BRDA:277,35,0,0
BRDA:277,35,1,0
BRDA:297,36,0,0
BRDA:297,36,1,0
BRDA:301,37,0,0
BRDA:301,37,1,0
BRDA:310,38,0,0
BRDA:310,38,1,0
BRDA:313,39,0,0
BRDA:313,39,1,0
BRDA:341,40,0,0
BRDA:341,40,1,0
BRDA:343,41,0,0
BRDA:343,41,1,0
BRDA:343,42,0,0
BRDA:343,42,1,0
BRDA:343,42,2,0
BRDA:345,43,0,0
BRDA:345,43,1,0
BRDA:346,44,0,0
BRDA:346,44,1,0
BRDA:346,44,2,0
BRDA:346,44,3,0
BRDA:346,44,4,0
BRDA:346,44,5,0
BRDA:346,44,6,0
BRDA:375,45,0,0
BRDA:375,45,1,0
BRDA:375,46,0,0
BRDA:375,46,1,0
BRDA:379,47,0,0
BRDA:379,47,1,0
BRDA:379,48,0,0
BRDA:379,48,1,0
BRDA:383,49,0,0
BRDA:383,49,1,0
BRDA:383,50,0,0
BRDA:383,50,1,0
BRDA:383,50,2,0
BRDA:388,51,0,0
BRDA:388,51,1,0
BRDA:388,52,0,0
BRDA:388,52,1,0
BRDA:388,52,2,0
BRDA:422,53,0,0
BRDA:422,53,1,0
BRDA:424,54,0,0
BRDA:424,54,1,0
BRDA:426,55,0,0
BRDA:426,55,1,0
BRDA:428,56,0,0
BRDA:428,56,1,0
BRDA:430,57,0,0
BRDA:430,57,1,0
BRDA:432,58,0,0
BRDA:432,58,1,0
BRDA:441,59,0,0
BRDA:441,59,1,0
BRDA:441,59,2,0
BRDA:446,60,0,0
BRDA:448,61,0,0
BRDA:448,61,1,0
BRDA:449,62,0,0
BRDA:449,62,1,0
BRDA:451,63,0,0
BRDA:451,63,1,0
BRDA:457,64,0,0
BRDA:458,65,0,0
BRDA:458,65,1,0
BRDA:458,66,0,0
BRDA:458,66,1,0
BRDA:480,67,0,0
BRDA:480,67,1,0
BRDA:492,68,0,0
BRDA:492,68,1,0
BRDA:496,69,0,0
BRDA:496,69,1,0
BRDA:514,70,0,0
BRDA:514,70,1,0
BRDA:517,71,0,0
BRDA:517,71,1,0
BRDA:525,72,0,0
BRDA:525,72,1,0
BRDA:526,73,0,0
BRDA:526,73,1,0
BRDA:530,74,0,0
BRDA:530,74,1,0
BRDA:535,75,0,0
BRDA:535,75,1,0
BRDA:539,76,0,0
BRDA:539,76,1,0
BRDA:555,77,0,0
BRDA:555,77,1,0
BRDA:568,78,0,0
BRDA:568,78,1,0
BRDA:572,79,0,0
BRDA:572,79,1,0
BRDA:572,80,0,0
BRDA:572,80,1,0
BRDA:575,81,0,0
BRDA:575,81,1,0
BRDA:575,82,0,0
BRDA:575,82,1,0
BRDA:575,82,2,0
BRDA:578,83,0,0
BRDA:578,83,1,0
BRF:169
BRH:12
end_of_record
TN:
SF:F:\js_workplace\research\vue3-json-schema-form\lib\fields\ArrayField.tsx
FN:51,(anonymous_0)
FN:54,(anonymous_1)
FN:55,(anonymous_2)
FN:56,(anonymous_3)
FN:57,(anonymous_4)
FN:59,(anonymous_5)
FN:99,(anonymous_6)
FN:102,(anonymous_7)
FN:109,(anonymous_8)
FN:117,(anonymous_9)
FN:125,(anonymous_10)
FN:135,(anonymous_11)
FN:146,(anonymous_12)
FN:159,(anonymous_13)
FN:165,(anonymous_14)
FN:172,(anonymous_15)
FN:173,(anonymous_16)
FN:180,(anonymous_17)
FN:189,(anonymous_18)
FNF:19
FNH:0
FNDA:0,(anonymous_0)
FNDA:0,(anonymous_1)
FNDA:0,(anonymous_2)
FNDA:0,(anonymous_3)
FNDA:0,(anonymous_4)
FNDA:0,(anonymous_5)
FNDA:0,(anonymous_6)
FNDA:0,(anonymous_7)
FNDA:0,(anonymous_8)
FNDA:0,(anonymous_9)
FNDA:0,(anonymous_10)
FNDA:0,(anonymous_11)
FNDA:0,(anonymous_12)
FNDA:0,(anonymous_13)
FNDA:0,(anonymous_14)
FNDA:0,(anonymous_15)
FNDA:0,(anonymous_16)
FNDA:0,(anonymous_17)
FNDA:0,(anonymous_18)
DA:2,2
DA:4,2
DA:5,2
DA:6,2
DA:8,2
DA:27,2
DA:52,0
DA:54,0
DA:55,0
DA:56,0
DA:57,0
DA:59,0
DA:60,0
DA:61,0
DA:96,2
DA:100,0
DA:102,0
DA:103,0
DA:104,0
DA:105,0
DA:106,0
DA:109,0
DA:110,0
DA:111,0
DA:113,0
DA:115,0
DA:117,0
DA:118,0
DA:119,0
DA:121,0
DA:123,0
DA:125,0
DA:126,0
DA:127,0
DA:128,0
DA:130,0
DA:131,0
DA:133,0
DA:135,0
DA:136,0
DA:137,0
DA:138,0
DA:140,0
DA:141,0
DA:143,0
DA:146,0
DA:147,0
DA:149,0
DA:151,0
DA:152,0
DA:155,0
DA:156,0
DA:157,0
DA:159,0
DA:165,0
DA:170,0
DA:171,0
DA:172,0
DA:173,0
DA:180,0
DA:188,0
DA:189,0
DA:193,0
LF:63
LH:7
BRDA:69,0,0,0
BRDA:69,0,1,0
BRDA:104,1,0,0
BRDA:104,1,1,0
BRDA:111,2,0,0
BRDA:111,2,1,0
BRDA:119,3,0,0
BRDA:119,3,1,0
BRDA:126,4,0,0
BRDA:126,4,1,0
BRDA:128,5,0,0
BRDA:128,5,1,0
BRDA:137,6,0,0
BRDA:137,6,1,0
BRDA:138,7,0,0
BRDA:138,7,1,0
BRDA:152,8,0,0
BRDA:152,8,1,0
BRDA:155,9,0,0
BRDA:155,9,1,0
BRDA:157,10,0,0
BRDA:157,10,1,0
BRDA:170,11,0,0
BRDA:170,11,1,0
BRDA:171,12,0,0
BRDA:171,12,1,0
BRF:26
BRH:0
end_of_record
TN:
SF:F:\js_workplace\research\vue3-json-schema-form\lib\fields\NumberField.tsx
FN:7,(anonymous_0)
FN:8,(anonymous_1)
FN:19,(anonymous_2)
FNF:3
FNH:3
FNDA:3,(anonymous_0)
FNDA:1,(anonymous_1)
FNDA:6,(anonymous_2)
DA:2,2
DA:4,2
DA:8,3
DA:9,1
DA:10,1
DA:12,1
DA:13,0
DA:15,1
DA:19,6
LF:9
LH:8
BRDA:12,0,0,0
BRDA:12,0,1,1
BRF:2
BRH:1
end_of_record
TN:
SF:F:\js_workplace\research\vue3-json-schema-form\lib\fields\ObjectField.tsx
FN:16,(anonymous_0)
FN:19,(anonymous_1)
FN:31,(anonymous_2)
FN:37,(anonymous_3)
FN:43,(anonymous_4)
FNF:5
FNH:5
FNDA:2,(anonymous_0)
FNDA:3,(anonymous_1)
FNDA:5,(anonymous_2)
FNDA:10,(anonymous_3)
FNDA:3,(anonymous_4)
DA:3,2
DA:4,2
DA:5,2
DA:13,2
DA:17,2
DA:19,2
DA:20,3
DA:22,3
DA:23,1
DA:25,2
DA:28,3
DA:31,2
DA:32,5
DA:33,5
DA:34,5
DA:35,5
DA:37,10
DA:43,3
LF:18
LH:18
BRDA:20,0,0,3
BRDA:20,0,1,0
BRDA:22,1,0,1
BRDA:22,1,1,2
BRDA:34,2,0,5
BRDA:34,2,1,0
BRDA:35,3,0,5
BRDA:35,3,1,0
BRF:8
BRH:5
end_of_record
TN:
SF:F:\js_workplace\research\vue3-json-schema-form\lib\fields\StringField.tsx
FN:8,(anonymous_0)
FN:10,(anonymous_1)
FN:14,(anonymous_2)
FNF:3
FNH:2
FNDA:2,(anonymous_0)
FNDA:0,(anonymous_1)
FNDA:5,(anonymous_2)
DA:3,2
DA:5,2
DA:10,2
DA:11,0
DA:12,0
DA:14,5
LF:6
LH:4
BRF:0
BRH:0
end_of_record
TN:
SF:F:\js_workplace\research\vue3-json-schema-form\lib\widgets\SelectionWidget.tsx
FN:19,(anonymous_0)
FN:23,(anonymous_1)
FN:28,(anonymous_2)
FN:28,(anonymous_3)
FN:34,(anonymous_4)
FN:36,(anonymous_5)
FN:39,(anonymous_6)
FNF:7
FNH:0
FNDA:0,(anonymous_0)
FNDA:0,(anonymous_1)
FNDA:0,(anonymous_2)
FNDA:0,(anonymous_3)
FNDA:0,(anonymous_4)
FNDA:0,(anonymous_5)
FNDA:0,(anonymous_6)
DA:3,2
DA:20,0
DA:23,0
DA:24,0
DA:25,0
DA:28,0
DA:29,0
DA:30,0
DA:34,0
DA:35,0
DA:36,0
DA:37,0
DA:39,0
LF:13
LH:1
BRDA:24,0,0,0
BRDA:24,0,1,0
BRDA:29,1,0,0
BRDA:29,1,1,0
BRF:4
BRH:0
end_of_record
