TN:
SF:F:\js_workplace\research\vue3-json-schema-form\lib\SchemaForm.tsx
FN:71,(anonymous_0)
FN:72,(anonymous_1)
FN:76,(anonymous_2)
FN:80,(anonymous_3)
FN:91,(anonymous_4)
FN:95,(anonymous_5)
FN:97,(anonymous_6)
FN:105,(anonymous_7)
FN:122,(anonymous_8)
FN:130,(anonymous_9)
FN:137,(anonymous_10)
FN:146,(anonymous_11)
FN:146,(anonymous_12)
FN:152,doValidate
FN:174,(anonymous_14)
FN:174,(anonymous_15)
FN:177,(anonymous_16)
FN:178,(anonymous_17)
FN:189,(anonymous_18)
FNF:19
FNH:10
FNDA:7,(anonymous_0)
FNDA:4,(anonymous_1)
FNDA:0,(anonymous_2)
FNDA:0,(anonymous_3)
FNDA:7,(anonymous_4)
FNDA:0,(anonymous_5)
FNDA:0,(anonymous_6)
FNDA:20,(anonymous_7)
FNDA:7,(anonymous_8)
FNDA:0,(anonymous_9)
FNDA:0,(anonymous_10)
FNDA:10,(anonymous_11)
FNDA:3,(anonymous_12)
FNDA:0,doValidate
FNDA:7,(anonymous_14)
FNDA:7,(anonymous_15)
FNDA:0,(anonymous_16)
FNDA:0,(anonymous_17)
FNDA:7,(anonymous_18)
DA:2,3
DA:13,3
DA:14,3
DA:15,3
DA:25,3
DA:30,3
DA:72,7
DA:73,4
DA:76,7
DA:77,0
DA:78,0
DA:80,0
DA:82,0
DA:83,0
DA:87,0
DA:91,7
DA:92,7
DA:93,0
DA:95,0
DA:96,0
DA:97,0
DA:98,0
DA:99,0
DA:102,0
DA:105,20
DA:109,7
DA:118,7
DA:120,7
DA:122,7
DA:123,7
DA:128,7
DA:129,0
DA:130,0
DA:131,0
DA:135,7
DA:136,0
DA:137,0
DA:141,7
DA:142,7
DA:146,10
DA:147,3
DA:148,0
DA:153,0
DA:154,0
DA:157,0
DA:165,0
DA:166,0
DA:168,0
DA:170,0
DA:171,0
DA:174,7
DA:175,7
DA:176,0
DA:178,0
DA:179,0
DA:180,0
DA:187,7
DA:189,7
DA:190,7
DA:191,7
LF:60
LH:29
BRDA:77,0,0,0
BRDA:77,0,1,0
BRDA:78,1,0,0
BRDA:78,1,1,0
BRDA:92,2,0,0
BRDA:92,2,1,7
BRDA:93,3,0,0
BRDA:93,3,1,0
BRDA:98,4,0,0
BRDA:98,4,1,0
BRDA:128,5,0,0
BRDA:128,5,1,7
BRDA:129,6,0,0
BRDA:129,6,1,0
BRDA:135,7,0,0
BRDA:135,7,1,7
BRDA:136,8,0,0
BRDA:136,8,1,0
BRDA:147,9,0,0
BRDA:147,9,1,3
BRDA:165,10,0,0
BRDA:165,10,1,0
BRDA:175,11,0,0
BRDA:175,11,1,7
BRDA:197,12,0,7
BRDA:197,12,1,7
BRDA:198,13,0,7
BRDA:198,13,1,0
BRF:28
BRH:8
end_of_record
TN:
SF:F:\js_workplace\research\vue3-json-schema-form\lib\SchemaItem.tsx
FN:14,(anonymous_0)
FN:17,(anonymous_1)
FN:22,(anonymous_2)
FNF:3
FNH:3
FNDA:17,(anonymous_0)
FNDA:20,(anonymous_1)
FNDA:23,(anonymous_2)
DA:3,3
DA:4,3
DA:5,3
DA:6,3
DA:7,3
DA:8,3
DA:9,3
DA:11,3
DA:15,17
DA:17,17
DA:18,20
DA:19,20
DA:22,17
DA:23,23
DA:25,23
DA:29,23
DA:32,23
DA:34,9
DA:35,9
DA:38,8
DA:39,8
DA:42,3
DA:43,3
DA:46,3
DA:47,3
DA:50,0
DA:54,23
LF:27
LH:26
BRDA:33,0,0,9
BRDA:33,0,1,8
BRDA:33,0,2,3
BRDA:33,0,3,3
BRDA:33,0,4,0
BRF:5
BRH:4
end_of_record
TN:
SF:F:\js_workplace\research\vue3-json-schema-form\lib\context.ts
FN:6,useVJSFContext
FNF:1
FNH:1
FNDA:40,useVJSFContext
DA:1,3
DA:4,3
DA:11,40
DA:13,40
DA:14,0
DA:17,40
LF:6
LH:5
BRDA:13,0,0,0
BRDA:13,0,1,40
BRF:2
BRH:1
end_of_record
TN:
SF:F:\js_workplace\research\vue3-json-schema-form\lib\index.ts
FN:20,(anonymous_5)
FNF:1
FNH:1
FNDA:21,(anonymous_5)
DA:3,3
DA:4,3
DA:5,3
DA:6,3
DA:7,3
DA:8,3
DA:10,3
DA:20,90
LF:8
LH:8
BRDA:20,0,0,42
BRDA:20,0,1,84
BRF:2
BRH:2
end_of_record
TN:
SF:F:\js_workplace\research\vue3-json-schema-form\lib\theme.tsx
FN:24,(anonymous_0)
FN:25,(anonymous_1)
FN:29,(anonymous_2)
FN:33,getWidget
FN:56,(anonymous_4)
FNF:5
FNH:5
FNDA:7,(anonymous_0)
FNDA:7,(anonymous_1)
FNDA:7,(anonymous_2)
FNDA:17,getWidget
FNDA:17,(anonymous_4)
DA:1,3
DA:11,3
DA:12,3
DA:14,3
DA:16,3
DA:25,7
DA:27,7
DA:29,7
DA:37,17
DA:39,17
DA:40,9
DA:41,9
DA:42,0
DA:44,9
DA:45,0
DA:46,0
DA:51,17
DA:52,17
DA:53,0
DA:56,17
DA:57,17
DA:59,17
DA:62,3
LF:23
LH:19
BRDA:29,0,0,7
BRDA:29,0,1,7
BRDA:39,1,0,9
BRDA:39,1,1,8
BRDA:41,2,0,0
BRDA:41,2,1,9
BRDA:41,3,0,9
BRDA:41,3,1,0
BRDA:44,4,0,0
BRDA:44,4,1,9
BRDA:45,5,0,0
BRDA:45,5,1,0
BRDA:52,6,0,0
BRDA:52,6,1,17
BRF:14
BRH:8
end_of_record
TN:
SF:F:\js_workplace\research\vue3-json-schema-form\lib\types.ts
FN:13,(anonymous_0)
FN:129,(anonymous_1)
FN:133,(anonymous_2)
FNF:3
FNH:3
FNDA:3,(anonymous_0)
FNDA:3,(anonymous_1)
FNDA:3,(anonymous_2)
DA:1,3
DA:13,3
DA:14,3
DA:15,3
DA:16,3
DA:17,3
DA:18,3
DA:19,3
DA:62,3
DA:88,3
DA:95,3
DA:115,3
DA:129,3
DA:130,3
DA:133,3
DA:134,3
DA:135,3
LF:17
LH:17
BRDA:13,0,0,3
BRDA:13,0,1,3
BRDA:129,1,0,3
BRDA:129,1,1,3
BRDA:133,2,0,3
BRDA:133,2,1,3
BRF:6
BRH:6
end_of_record
TN:
SF:F:\js_workplace\research\vue3-json-schema-form\lib\utils.ts
FN:10,isObject
FN:14,isEmptyObject
FN:18,hasOwnProperty
FN:31,validateData
FN:41,resolveSchema
FN:50,(anonymous_5)
FN:60,retrieveSchema
FN:100,stubExistingAdditionalProperties
FN:111,(anonymous_8)
FN:152,resolveReference
FN:161,findSchemaDefinition
FN:180,resolveDependencies
FN:200,processDependencies
FN:244,withDependentProperties
FN:254,withDependentSchema
FN:275,(anonymous_15)
FN:289,withExactlyOneSubschema
FN:296,(anonymous_17)
FN:338,mergeSchemas
FN:340,(anonymous_19)
FN:372,getSchemaType
FN:389,(anonymous_21)
FN:421,guessType
FN:439,isConstant
FN:446,isSelect
FN:452,(anonymous_25)
FN:457,isMultiSelect
FN:465,getMatchingOption
FN:484,(anonymous_28)
FN:524,mergeDefaultsWithFormData
FN:529,(anonymous_30)
FN:537,(anonymous_31)
FNF:32
FNH:4
FNDA:29,isObject
FNDA:0,isEmptyObject
FNDA:60,hasOwnProperty
FNDA:0,validateData
FNDA:20,resolveSchema
FNDA:0,(anonymous_5)
FNDA:20,retrieveSchema
FNDA:0,stubExistingAdditionalProperties
FNDA:0,(anonymous_8)
FNDA:0,resolveReference
FNDA:0,findSchemaDefinition
FNDA:0,resolveDependencies
FNDA:0,processDependencies
FNDA:0,withDependentProperties
FNDA:0,withDependentSchema
FNDA:0,(anonymous_15)
FNDA:0,withExactlyOneSubschema
FNDA:0,(anonymous_17)
FNDA:0,mergeSchemas
FNDA:0,(anonymous_19)
FNDA:0,getSchemaType
FNDA:0,(anonymous_21)
FNDA:0,guessType
FNDA:0,isConstant
FNDA:0,isSelect
FNDA:0,(anonymous_25)
FNDA:0,isMultiSelect
FNDA:0,getMatchingOption
FNDA:0,(anonymous_28)
FNDA:0,mergeDefaultsWithFormData
FNDA:0,(anonymous_30)
FNDA:0,(anonymous_31)
DA:1,3
DA:6,3
DA:7,3
DA:8,3
DA:11,29
DA:15,0
DA:23,60
DA:30,3
DA:32,0
DA:33,0
DA:42,20
DA:43,0
DA:44,20
DA:45,0
DA:46,0
DA:47,20
DA:48,0
DA:51,0
DA:56,20
DA:65,20
DA:66,0
DA:68,20
DA:71,20
DA:72,0
DA:73,0
DA:79,0
DA:80,0
DA:81,0
DA:85,20
DA:87,20
DA:89,0
DA:95,20
DA:98,3
DA:106,0
DA:111,0
DA:112,0
DA:114,0
DA:118,0
DA:119,0
DA:124,0
DA:125,0
DA:127,0
DA:131,0
DA:133,0
DA:136,0
DA:154,0
DA:156,0
DA:158,0
DA:162,0
DA:163,0
DA:165,0
DA:167,0
DA:169,0
DA:170,0
DA:171,0
DA:173,0
DA:175,0
DA:177,0
DA:186,0
DA:187,0
DA:188,0
DA:192,0
DA:193,0
DA:198,0
DA:207,0
DA:209,0
DA:210,0
DA:213,0
DA:217,0
DA:222,0
DA:223,0
DA:224,0
DA:225,0
DA:226,0
DA:234,0
DA:241,0
DA:245,0
DA:246,0
DA:248,0
DA:251,0
DA:262,0
DA:267,0
DA:269,0
DA:270,0
DA:271,0
DA:272,0
DA:275,0
DA:276,0
DA:280,0
DA:296,0
DA:297,0
DA:298,0
DA:300,0
DA:301,0
DA:302,0
DA:309,0
DA:310,0
DA:313,0
DA:314,0
DA:317,0
DA:320,0
DA:324,0
DA:325,0
DA:326,0
DA:339,0
DA:340,0
DA:341,0
DA:342,0
DA:343,0
DA:344,0
DA:345,0
DA:355,0
DA:357,0
DA:359,0
DA:373,0
DA:375,0
DA:376,0
DA:379,0
DA:380,0
DA:383,0
DA:384,0
DA:387,0
DA:388,0
DA:389,0
DA:392,0
DA:421,3
DA:422,0
DA:423,0
DA:424,0
DA:425,0
DA:426,0
DA:427,0
DA:428,0
DA:429,0
DA:430,0
DA:431,0
DA:432,0
DA:433,0
DA:436,0
DA:440,0
DA:447,0
DA:448,0
DA:449,0
DA:450,0
DA:451,0
DA:452,0
DA:454,0
DA:458,0
DA:459,0
DA:461,0
DA:470,0
DA:471,0
DA:480,0
DA:483,0
DA:484,0
DA:492,0
DA:494,0
DA:496,0
DA:497,0
DA:500,0
DA:503,0
DA:505,0
DA:507,0
DA:512,0
DA:514,0
DA:515,0
DA:517,0
DA:518,0
DA:521,0
DA:525,0
DA:526,0
DA:527,0
DA:529,0
DA:530,0
DA:531,0
DA:533,0
DA:535,0
DA:536,0
DA:537,0
DA:538,0
DA:542,0
DA:545,0
DA:555,0
DA:556,0
DA:559,0
DA:568,0
DA:570,0
DA:572,0
DA:573,0
DA:575,0
DA:576,0
DA:578,0
LF:192
LH:19
BRDA:11,0,0,29
BRDA:11,0,1,29
BRDA:11,0,2,29
BRDA:15,1,0,0
BRDA:15,1,1,0
BRDA:41,2,0,0
BRDA:41,3,0,0
BRDA:42,4,0,0
BRDA:42,4,1,20
BRDA:44,5,0,0
BRDA:44,5,1,20
BRDA:47,6,0,0
BRDA:47,6,1,20
BRDA:47,7,0,20
BRDA:47,7,1,0
BRDA:62,8,0,0
BRDA:63,9,0,8
BRDA:65,10,0,0
BRDA:65,10,1,20
BRDA:71,11,0,0
BRDA:71,11,1,20
BRDA:85,12,0,20
BRDA:85,12,1,0
BRDA:87,13,0,0
BRDA:87,13,1,20
BRDA:102,14,0,0
BRDA:103,15,0,0
BRDA:112,16,0,0
BRDA:112,16,1,0
BRDA:118,17,0,0
BRDA:118,17,1,0
BRDA:124,18,0,0
BRDA:124,18,1,0
BRDA:161,19,0,0
BRDA:163,20,0,0
BRDA:163,20,1,0
BRDA:170,21,0,0
BRDA:170,21,1,0
BRDA:173,22,0,0
BRDA:173,22,1,0
BRDA:186,23,0,0
BRDA:187,24,0,0
BRDA:187,24,1,0
BRDA:192,25,0,0
BRDA:192,25,1,0
BRDA:209,26,0,0
BRDA:209,26,1,0
BRDA:213,27,0,0
BRDA:213,27,1,0
BRDA:214,28,0,0
BRDA:214,28,1,0
BRDA:223,29,0,0
BRDA:223,29,1,0
BRDA:225,30,0,0
BRDA:225,30,1,0
BRDA:245,31,0,0
BRDA:245,31,1,0
BRDA:249,32,0,0
BRDA:249,32,1,0
BRDA:269,33,0,0
BRDA:269,33,1,0
BRDA:271,34,0,0
BRDA:271,34,1,0
BRDA:277,35,0,0
BRDA:277,35,1,0
BRDA:297,36,0,0
BRDA:297,36,1,0
BRDA:301,37,0,0
BRDA:301,37,1,0
BRDA:310,38,0,0
BRDA:310,38,1,0
BRDA:313,39,0,0
BRDA:313,39,1,0
BRDA:341,40,0,0
BRDA:341,40,1,0
BRDA:343,41,0,0
BRDA:343,41,1,0
BRDA:343,42,0,0
BRDA:343,42,1,0
BRDA:343,42,2,0
BRDA:345,43,0,0
BRDA:345,43,1,0
BRDA:346,44,0,0
BRDA:346,44,1,0
BRDA:346,44,2,0
BRDA:346,44,3,0
BRDA:346,44,4,0
BRDA:346,44,5,0
BRDA:346,44,6,0
BRDA:375,45,0,0
BRDA:375,45,1,0
BRDA:375,46,0,0
BRDA:375,46,1,0
BRDA:379,47,0,0
BRDA:379,47,1,0
BRDA:379,48,0,0
BRDA:379,48,1,0
BRDA:383,49,0,0
BRDA:383,49,1,0
BRDA:383,50,0,0
BRDA:383,50,1,0
BRDA:383,50,2,0
BRDA:388,51,0,0
BRDA:388,51,1,0
BRDA:388,52,0,0
BRDA:388,52,1,0
BRDA:388,52,2,0
BRDA:422,53,0,0
BRDA:422,53,1,0
BRDA:424,54,0,0
BRDA:424,54,1,0
BRDA:426,55,0,0
BRDA:426,55,1,0
BRDA:428,56,0,0
BRDA:428,56,1,0
BRDA:430,57,0,0
BRDA:430,57,1,0
BRDA:432,58,0,0
BRDA:432,58,1,0
BRDA:441,59,0,0
BRDA:441,59,1,0
BRDA:441,59,2,0
BRDA:446,60,0,0
BRDA:448,61,0,0
BRDA:448,61,1,0
BRDA:449,62,0,0
BRDA:449,62,1,0
BRDA:451,63,0,0
BRDA:451,63,1,0
BRDA:457,64,0,0
BRDA:458,65,0,0
BRDA:458,65,1,0
BRDA:458,66,0,0
BRDA:458,66,1,0
BRDA:480,67,0,0
BRDA:480,67,1,0
BRDA:492,68,0,0
BRDA:492,68,1,0
BRDA:496,69,0,0
BRDA:496,69,1,0
BRDA:514,70,0,0
BRDA:514,70,1,0
BRDA:517,71,0,0
BRDA:517,71,1,0
BRDA:525,72,0,0
BRDA:525,72,1,0
BRDA:526,73,0,0
BRDA:526,73,1,0
BRDA:530,74,0,0
BRDA:530,74,1,0
BRDA:535,75,0,0
BRDA:535,75,1,0
BRDA:539,76,0,0
BRDA:539,76,1,0
BRDA:555,77,0,0
BRDA:555,77,1,0
BRDA:568,78,0,0
BRDA:568,78,1,0
BRDA:572,79,0,0
BRDA:572,79,1,0
BRDA:572,80,0,0
BRDA:572,80,1,0
BRDA:575,81,0,0
BRDA:575,81,1,0
BRDA:575,82,0,0
BRDA:575,82,1,0
BRDA:575,82,2,0
BRDA:578,83,0,0
BRDA:578,83,1,0
BRF:169
BRH:12
end_of_record
TN:
SF:F:\js_workplace\research\vue3-json-schema-form\lib\validator.ts
FN:25,toErrorSchema
FN:28,(anonymous_1)
FN:61,transformErrors
FN:64,(anonymous_3)
FN:75,validateFormData
FN:135,createErrorProxy
FN:138,(anonymous_6)
FN:140,(anonymous_7)
FN:160,mergeObjects
FN:163,(anonymous_9)
FNF:10
FNH:0
FNDA:0,toErrorSchema
FNDA:0,(anonymous_1)
FNDA:0,transformErrors
FNDA:0,(anonymous_3)
FNDA:0,validateFormData
FNDA:0,createErrorProxy
FNDA:0,(anonymous_6)
FNDA:0,(anonymous_7)
FNDA:0,mergeObjects
FNDA:0,(anonymous_9)
DA:3,3
DA:4,3
DA:7,3
DA:26,0
DA:28,0
DA:29,0
DA:30,0
DA:31,0
DA:35,0
DA:36,0
DA:39,0
DA:40,0
DA:41,0
DA:43,0
DA:46,0
DA:50,0
DA:52,0
DA:53,0
DA:57,0
DA:62,0
DA:64,0
DA:65,0
DA:82,0
DA:84,0
DA:85,0
DA:87,0
DA:90,0
DA:91,0
DA:93,0
DA:94,0
DA:103,0
DA:105,0
DA:106,0
DA:123,0
DA:124,0
DA:125,0
DA:127,0
DA:128,0
DA:136,0
DA:137,0
DA:139,0
DA:140,0
DA:141,0
DA:142,0
DA:143,0
DA:145,0
DA:149,0
DA:150,0
DA:151,0
DA:152,0
DA:153,0
DA:156,0
DA:162,0
DA:163,0
DA:164,0
DA:165,0
DA:166,0
DA:167,0
DA:168,0
DA:169,0
DA:171,0
DA:173,0
LF:62
LH:3
BRDA:26,0,0,0
BRDA:26,0,1,0
BRDA:35,1,0,0
BRDA:35,1,1,0
BRDA:35,2,0,0
BRDA:35,2,1,0
BRDA:40,3,0,0
BRDA:40,3,1,0
BRDA:46,4,0,0
BRDA:46,4,1,0
BRDA:50,5,0,0
BRDA:50,5,1,0
BRDA:52,6,0,0
BRDA:52,6,1,0
BRDA:62,7,0,0
BRDA:62,7,1,0
BRDA:62,8,0,0
BRDA:62,8,1,0
BRDA:79,9,0,0
BRDA:93,10,0,0
BRDA:93,10,1,0
BRDA:105,11,0,0
BRDA:105,11,1,0
BRDA:139,12,0,0
BRDA:139,12,1,0
BRDA:142,13,0,0
BRDA:142,13,1,0
BRDA:142,14,0,0
BRDA:142,14,1,0
BRDA:150,15,0,0
BRDA:150,15,1,0
BRDA:160,16,0,0
BRDA:164,17,0,0
BRDA:164,17,1,0
BRDA:166,18,0,0
BRDA:166,18,1,0
BRDA:166,19,0,0
BRDA:166,19,1,0
BRDA:166,19,2,0
BRDA:168,20,0,0
BRDA:168,20,1,0
BRDA:168,21,0,0
BRDA:168,21,1,0
BRDA:168,21,2,0
BRF:44
BRH:0
end_of_record
TN:
SF:F:\js_workplace\research\vue3-json-schema-form\lib\fields\ArrayField.tsx
FN:53,(anonymous_0)
FN:56,(anonymous_1)
FN:57,(anonymous_2)
FN:58,(anonymous_3)
FN:59,(anonymous_4)
FN:61,(anonymous_5)
FN:101,(anonymous_6)
FN:104,(anonymous_7)
FN:111,(anonymous_8)
FN:119,(anonymous_9)
FN:127,(anonymous_10)
FN:137,(anonymous_11)
FN:150,(anonymous_12)
FN:165,(anonymous_13)
FN:177,(anonymous_14)
FN:185,(anonymous_15)
FN:186,(anonymous_16)
FN:194,(anonymous_17)
FN:204,(anonymous_18)
FNF:19
FNH:8
FNDA:2,(anonymous_0)
FNDA:0,(anonymous_1)
FNDA:0,(anonymous_2)
FNDA:0,(anonymous_3)
FNDA:0,(anonymous_4)
FNDA:2,(anonymous_5)
FNDA:3,(anonymous_6)
FNDA:0,(anonymous_7)
FNDA:0,(anonymous_8)
FNDA:0,(anonymous_9)
FNDA:0,(anonymous_10)
FNDA:0,(anonymous_11)
FNDA:3,(anonymous_12)
FNDA:2,(anonymous_13)
FNDA:0,(anonymous_14)
FNDA:2,(anonymous_15)
FNDA:2,(anonymous_16)
FNDA:0,(anonymous_17)
FNDA:3,(anonymous_18)
DA:2,3
DA:4,3
DA:5,3
DA:7,3
DA:10,3
DA:29,3
DA:54,2
DA:56,2
DA:57,2
DA:58,2
DA:59,2
DA:61,2
DA:62,2
DA:63,2
DA:98,3
DA:102,3
DA:104,3
DA:105,0
DA:106,0
DA:107,0
DA:108,0
DA:111,3
DA:112,0
DA:113,0
DA:115,0
DA:117,0
DA:119,3
DA:120,0
DA:121,0
DA:123,0
DA:125,0
DA:127,3
DA:128,0
DA:129,0
DA:130,0
DA:132,0
DA:133,0
DA:135,0
DA:137,3
DA:138,0
DA:139,0
DA:140,0
DA:142,0
DA:143,0
DA:145,0
DA:148,3
DA:150,3
DA:151,3
DA:153,3
DA:155,3
DA:156,3
DA:158,3
DA:161,3
DA:162,1
DA:163,1
DA:165,1
DA:166,2
DA:167,2
DA:169,2
DA:177,0
DA:183,2
DA:184,1
DA:185,1
DA:186,4
DA:194,0
DA:203,1
DA:204,3
DA:210,1
LF:68
LH:42
BRDA:71,0,0,2
BRDA:71,0,1,2
BRDA:106,1,0,0
BRDA:106,1,1,0
BRDA:113,2,0,0
BRDA:113,2,1,0
BRDA:121,3,0,0
BRDA:121,3,1,0
BRDA:128,4,0,0
BRDA:128,4,1,0
BRDA:130,5,0,0
BRDA:130,5,1,0
BRDA:139,6,0,0
BRDA:139,6,1,0
BRDA:140,7,0,0
BRDA:140,7,1,0
BRDA:156,8,0,3
BRDA:156,8,1,3
BRDA:161,9,0,1
BRDA:161,9,1,2
BRDA:163,10,0,1
BRDA:163,10,1,0
BRDA:167,11,0,0
BRDA:167,11,1,2
BRDA:167,12,0,0
BRDA:167,12,1,0
BRDA:167,13,0,2
BRDA:167,13,1,2
BRDA:176,14,0,2
BRDA:176,14,1,2
BRDA:183,15,0,1
BRDA:183,15,1,1
BRDA:184,16,0,1
BRDA:184,16,1,0
BRDA:190,17,0,2
BRDA:190,17,1,2
BRDA:195,18,0,2
BRDA:195,18,1,2
BRF:38
BRH:19
end_of_record
TN:
SF:F:\js_workplace\research\vue3-json-schema-form\lib\fields\NumberField.tsx
FN:9,(anonymous_0)
FN:10,(anonymous_1)
FN:22,(anonymous_2)
FNF:3
FNH:3
FNDA:5,(anonymous_0)
FNDA:1,(anonymous_1)
FNDA:8,(anonymous_2)
DA:3,3
DA:4,3
DA:6,3
DA:10,5
DA:11,1
DA:13,1
DA:14,0
DA:16,1
DA:20,5
DA:22,5
DA:23,8
DA:24,8
DA:25,8
LF:13
LH:12
BRDA:13,0,0,0
BRDA:13,0,1,1
BRF:2
BRH:1
end_of_record
TN:
SF:F:\js_workplace\research\vue3-json-schema-form\lib\fields\ObjectField.tsx
FN:16,(anonymous_0)
FN:19,(anonymous_1)
FN:31,(anonymous_2)
FN:39,(anonymous_3)
FN:47,(anonymous_4)
FNF:5
FNH:5
FNDA:3,(anonymous_0)
FNDA:3,(anonymous_1)
FNDA:6,(anonymous_2)
FNDA:12,(anonymous_3)
FNDA:3,(anonymous_4)
DA:3,3
DA:4,3
DA:5,3
DA:13,3
DA:17,3
DA:19,3
DA:20,3
DA:22,3
DA:23,1
DA:25,2
DA:28,3
DA:31,3
DA:32,6
DA:33,6
DA:34,6
DA:35,6
DA:37,6
DA:38,6
DA:39,12
DA:47,3
LF:20
LH:20
BRDA:20,0,0,3
BRDA:20,0,1,0
BRDA:22,1,0,1
BRDA:22,1,1,2
BRDA:34,2,0,6
BRDA:34,2,1,0
BRDA:35,3,0,6
BRDA:35,3,1,0
BRDA:42,4,0,0
BRDA:42,4,1,12
BRDA:42,5,0,0
BRDA:42,5,1,0
BRDA:45,6,0,12
BRDA:45,6,1,12
BRF:14
BRH:8
end_of_record
TN:
SF:F:\js_workplace\research\vue3-json-schema-form\lib\fields\StringField.tsx
FN:9,(anonymous_0)
FN:10,(anonymous_1)
FN:15,(anonymous_2)
FN:19,(anonymous_3)
FN:24,(anonymous_4)
FNF:5
FNH:4
FNDA:6,(anonymous_0)
FNDA:9,(anonymous_1)
FNDA:0,(anonymous_2)
FNDA:9,(anonymous_3)
FNDA:9,(anonymous_4)
DA:3,3
DA:4,3
DA:6,3
DA:10,6
DA:11,9
DA:12,9
DA:15,6
DA:16,0
DA:19,6
DA:20,9
DA:21,9
DA:24,6
DA:25,9
DA:26,9
DA:28,9
DA:29,9
LF:16
LH:15
BRF:0
BRH:0
end_of_record
TN:
SF:F:\js_workplace\research\vue3-json-schema-form\lib\theme-default\FormItem.tsx
FN:26,(anonymous_0)
FN:29,(anonymous_1)
FN:38,(anonymous_2)
FN:47,withFormItem
FN:51,(anonymous_4)
FN:52,(anonymous_5)
FN:53,(anonymous_6)
FNF:7
FNH:6
FNDA:12,(anonymous_0)
FNDA:18,(anonymous_1)
FNDA:0,(anonymous_2)
FNDA:9,withFormItem
FNDA:12,(anonymous_4)
FNDA:18,(anonymous_5)
FNDA:18,(anonymous_6)
DA:2,3
DA:4,3
DA:6,3
DA:23,3
DA:27,12
DA:29,12
DA:30,18
DA:31,18
DA:33,18
DA:38,0
DA:45,3
DA:48,9
DA:52,12
DA:53,36
LF:14
LH:13
BRDA:36,0,0,18
BRDA:36,0,1,18
BRF:2
BRH:2
end_of_record
TN:
SF:F:\js_workplace\research\vue3-json-schema-form\lib\theme-default\NumberWidget.tsx
FN:9,(anonymous_0)
FN:10,(anonymous_1)
FN:16,(anonymous_2)
FNF:3
FNH:3
FNDA:5,(anonymous_0)
FNDA:1,(anonymous_1)
FNDA:8,(anonymous_2)
DA:3,3
DA:4,3
DA:6,3
DA:10,5
DA:11,1
DA:12,1
DA:13,1
DA:16,8
DA:20,3
LF:9
LH:9
BRF:0
BRH:0
end_of_record
TN:
SF:F:\js_workplace\research\vue3-json-schema-form\lib\theme-default\SelectionWidget.tsx
FN:10,(anonymous_0)
FN:14,(anonymous_1)
FN:19,(anonymous_2)
FN:19,(anonymous_3)
FN:25,(anonymous_4)
FN:27,(anonymous_5)
FN:30,(anonymous_6)
FNF:7
FNH:4
FNDA:1,(anonymous_0)
FNDA:0,(anonymous_1)
FNDA:1,(anonymous_2)
FNDA:0,(anonymous_3)
FNDA:1,(anonymous_4)
FNDA:0,(anonymous_5)
FNDA:3,(anonymous_6)
DA:3,3
DA:4,3
DA:7,3
DA:11,1
DA:14,1
DA:15,0
DA:16,0
DA:19,1
DA:20,0
DA:21,0
DA:25,1
DA:26,1
DA:27,1
DA:28,0
DA:30,3
DA:38,3
LF:16
LH:11
BRDA:15,0,0,0
BRDA:15,0,1,0
BRDA:20,1,0,0
BRDA:20,1,1,0
BRF:4
BRH:0
end_of_record
TN:
SF:F:\js_workplace\research\vue3-json-schema-form\lib\theme-default\TextWidget.tsx
FN:9,(anonymous_0)
FN:10,(anonymous_1)
FN:29,(anonymous_2)
FN:35,(anonymous_3)
FNF:4
FNH:3
FNDA:6,(anonymous_0)
FNDA:0,(anonymous_1)
FNDA:9,(anonymous_2)
FNDA:9,(anonymous_3)
DA:1,3
DA:4,3
DA:6,3
DA:10,6
DA:24,0
DA:25,0
DA:26,0
DA:29,6
DA:30,9
DA:35,6
DA:36,9
DA:48,3
LF:12
LH:9
BRDA:31,0,0,9
BRDA:31,0,1,9
BRDA:31,0,2,9
BRF:3
BRH:3
end_of_record
TN:
SF:F:\js_workplace\research\vue3-json-schema-form\lib\theme-default\index.tsx
FN:10,(anonymous_0)
FN:11,(anonymous_1)
FNF:2
FNH:0
FNDA:0,(anonymous_0)
FNDA:0,(anonymous_1)
DA:1,3
DA:3,3
DA:4,3
DA:5,3
DA:6,3
DA:8,3
DA:11,0
DA:15,3
LF:8
LH:7
BRF:0
BRH:0
end_of_record
TN:
SF:F:\js_workplace\research\vue3-json-schema-form\lib\widgets\Selection.tsx
FN:19,(anonymous_0)
FN:23,(anonymous_1)
FN:28,(anonymous_2)
FN:28,(anonymous_3)
FN:34,(anonymous_4)
FN:36,(anonymous_5)
FN:39,(anonymous_6)
FNF:7
FNH:0
FNDA:0,(anonymous_0)
FNDA:0,(anonymous_1)
FNDA:0,(anonymous_2)
FNDA:0,(anonymous_3)
FNDA:0,(anonymous_4)
FNDA:0,(anonymous_5)
FNDA:0,(anonymous_6)
DA:3,3
DA:20,0
DA:23,0
DA:24,0
DA:25,0
DA:28,0
DA:29,0
DA:30,0
DA:34,0
DA:35,0
DA:36,0
DA:37,0
DA:39,0
LF:13
LH:1
BRDA:24,0,0,0
BRDA:24,0,1,0
BRDA:29,1,0,0
BRDA:29,1,1,0
BRF:4
BRH:0
end_of_record
TN:
SF:F:\js_workplace\research\vue3-json-schema-form\tests\unit\utils\TestComponent.tsx
FN:9,(anonymous_0)
FN:10,(anonymous_1)
FN:33,(anonymous_3)
FN:34,(anonymous_4)
FNF:4
FNH:4
FNDA:7,(anonymous_0)
FNDA:14,(anonymous_1)
FNDA:7,(anonymous_3)
FNDA:14,(anonymous_4)
DA:2,3
DA:3,3
DA:8,3
DA:10,14
DA:18,3
DA:34,14
LF:6
LH:6
BRDA:12,0,0,7
BRDA:12,0,1,7
BRF:2
BRH:2
end_of_record
